Retrieving PL sites list... done.

Retrieving PL nodes list... {'node_id': 13470, 'site_id': 231, 'hostname': 'planetlab2.simula.no'}
{'node_id': 10611, 'site_id': 10166, 'hostname': 'planetlab-02.kyushu.jgn2.jp'}
{'node_id': 13223, 'site_id': 232, 'hostname': 'datacomngn.cnu.ac.kr'}
{'node_id': 13120, 'site_id': 10118, 'hostname': 'int-pl2.ise.eng.osaka-u.ac.jp'}
{'node_id': 13119, 'site_id': 10118, 'hostname': 'int-pl1.ise.eng.osaka-u.ac.jp'}
{'node_id': 10636, 'site_id': 10167, 'hostname': 'planetlab1.poznan.rd.tp.pl'}
{'node_id': 10637, 'site_id': 10167, 'hostname': 'planetlab2.poznan.rd.tp.pl'}
{'node_id': 10844, 'site_id': 10167, 'hostname': 'planetlab4.poznan.rd.tp.pl'}
{'node_id': 10843, 'site_id': 10167, 'hostname': 'planetlab3.poznan.rd.tp.pl'}
{'node_id': 10281, 'site_id': 10087, 'hostname': 'planetlab2.kreonet.net'}
{'node_id': 10473, 'site_id': 108, 'hostname': 'csplanet2.ncat.edu'}
{'node_id': 10543, 'site_id': 10115, 'hostname': 'plab1.psgtech.ac.in'}
{'node_id': 10207, 'site_id': 10062, 'hostname': 'planet2.cdacb.ernet.in'}
{'node_id': 10282, 'site_id': 10087, 'hostname': 'planetlab1.kreonet.net'}
{'node_id': 10286, 'site_id': 232, 'hostname': 'planetlab1.cnu.ac.kr'}
{'node_id': 10496, 'site_id': 10142, 'hostname': 'node1.planetlab.uprr.pr'}
{'node_id': 10342, 'site_id': 10101, 'hostname': 'planetlab-2.unk.edu'}
{'node_id': 10341, 'site_id': 10101, 'hostname': 'planetlab-1.unk.edu'}
{'node_id': 10614, 'site_id': 10166, 'hostname': 'planetlab-01.kyushu.jgn2.jp'}
{'node_id': 10497, 'site_id': 10142, 'hostname': 'node2.planetlab.uprr.pr'}
{'node_id': 10183, 'site_id': 10062, 'hostname': 'planet1.cdacb.ernet.in'}
{'node_id': 10980, 'site_id': 10266, 'hostname': 'planet-2.utn.edu.ar'}
{'node_id': 10561, 'site_id': 10115, 'hostname': 'pl4.coep.org.in'}
{'node_id': 10133, 'site_id': 232, 'hostname': 'opal.cnu.ac.kr'}
{'node_id': 10560, 'site_id': 10115, 'hostname': 'pl3.coep.org.in'}
{'node_id': 10171, 'site_id': 10051, 'hostname': 'planetlab2.lsd.ufcg.edu.br'}
{'node_id': 13437, 'site_id': 11460, 'hostname': 'mlab3.gr-ix.gr'}
{'node_id': 13434, 'site_id': 11460, 'hostname': 'mlab1.gr-ix.gr'}
{'node_id': 13435, 'site_id': 11460, 'hostname': 'mlab2.gr-ix.gr'}
{'node_id': 13136, 'site_id': 10067, 'hostname': 'planetlab04.uncc.edu'}
{'node_id': 13263, 'site_id': 11424, 'hostname': 'node4.planet-lab.titech.ac.jp'}
{'node_id': 11058, 'site_id': 10286, 'hostname': 'planetlab2.n.info.eng.osaka-cu.ac.jp'}
{'node_id': 11019, 'site_id': 10286, 'hostname': 'planetlab1.n.info.eng.osaka-cu.ac.jp'}
{'node_id': 13469, 'site_id': 10051, 'hostname': 'planetlab3.gmf.ufcg.edu.br'}
{'node_id': 11482, 'site_id': 10288, 'hostname': 'planetlab2.keldysh.ru'}
{'node_id': 13509, 'site_id': 11471, 'hostname': 'mnc1.pusan.ac.kr'}
{'node_id': 10592, 'site_id': 10168, 'hostname': 'planetlab1.piotrkow.rd.tp.pl'}
{'node_id': 10548, 'site_id': 10115, 'hostname': 'pl1.dce.edu'}
{'node_id': 10271, 'site_id': 108, 'hostname': 'csplanet1.ncat.edu'}
{'node_id': 17, 'site_id': 39, 'hostname': 'planetlab1.it.uts.edu.au'}
{'node_id': 18, 'site_id': 39, 'hostname': 'planetlab2.it.uts.edu.au'}
{'node_id': 46, 'site_id': 17, 'hostname': 'planetlab1.cs.duke.edu'}
{'node_id': 48, 'site_id': 17, 'hostname': 'planetlab3.cs.duke.edu'}
{'node_id': 49, 'site_id': 23, 'hostname': 'planetlab1.csail.mit.edu'}
{'node_id': 51, 'site_id': 23, 'hostname': 'planetlab2.csail.mit.edu'}
{'node_id': 170, 'site_id': 83, 'hostname': 'uw1.accretive-dsl.nodes.planet-lab.org'}
{'node_id': 365, 'site_id': 106, 'hostname': 'planetlab1.ias.csusb.edu'}
{'node_id': 3320, 'site_id': 144, 'hostname': 'planetlab1.cs.dartmouth.edu'}
{'node_id': 3321, 'site_id': 144, 'hostname': 'planetlab2.cs.dartmouth.edu'}
{'node_id': 8186, 'site_id': 183, 'hostname': 'planetlab1.iiitb.ac.in'}
{'node_id': 8187, 'site_id': 183, 'hostname': 'planetlab2.iiitb.ac.in'}
{'node_id': 8251, 'site_id': 213, 'hostname': 'planetlab1.rdfrancetelecom.com'}
{'node_id': 8253, 'site_id': 213, 'hostname': 'planetlab2.rdfrancetelecom.com'}
{'node_id': 10132, 'site_id': 10051, 'hostname': 'planetlab1.lsd.ufcg.edu.br'}
{'node_id': 11477, 'site_id': 10288, 'hostname': 'planetlab1.keldysh.ru'}
{'node_id': 10564, 'site_id': 10168, 'hostname': 'planetlab2.piotrkow.rd.tp.pl'}
{'node_id': 8308, 'site_id': 221, 'hostname': 'planetlab1.iitr.ernet.in'}
{'node_id': 10424, 'site_id': 58, 'hostname': 'planetlab3.cs.uiuc.edu'}
{'node_id': 3, 'site_id': 5, 'hostname': 'planet2.scs.cs.nyu.edu'}
{'node_id': 13135, 'site_id': 10067, 'hostname': 'planetlab03.uncc.edu'}
{'node_id': 13260, 'site_id': 11424, 'hostname': 'node1.planet-lab.titech.ac.jp'}
{'node_id': 13262, 'site_id': 11424, 'hostname': 'node3.planet-lab.titech.ac.jp'}
{'node_id': 10864, 'site_id': 10228, 'hostname': 'pllab1.kamgu.ru'}
{'node_id': 3232, 'site_id': 121, 'hostname': 'pli1-br-2.hpl.hp.com'}
{'node_id': 10865, 'site_id': 10228, 'hostname': 'pllab2.kamgu.ru'}
{'node_id': 10894, 'site_id': 188, 'hostname': 'pl5.planetlab.uvic.ca'}
{'node_id': 27, 'site_id': 43, 'hostname': 'planetlab1.cs.uchicago.edu'}
{'node_id': 10647, 'site_id': 17, 'hostname': 'planetlab5.cs.duke.edu'}
{'node_id': 10704, 'site_id': 10204, 'hostname': 'planetlab-2.rml.ryerson.ca'}
{'node_id': 10147, 'site_id': 10056, 'hostname': 'planetlab2.aub.edu.lb'}
{'node_id': 10146, 'site_id': 10056, 'hostname': 'planetlab1.aub.edu.lb'}
{'node_id': 10482, 'site_id': 10137, 'hostname': 'planetlab-1.vuse.vanderbilt.edu'}
{'node_id': 10742, 'site_id': 10156, 'hostname': 'planetlab2.iin-bit.com.cn'}
{'node_id': 10238, 'site_id': 10077, 'hostname': 'planetlab2.olsztyn.rd.tp.pl'}
{'node_id': 10995, 'site_id': 10226, 'hostname': 'pl2.bit.uoit.ca'}
{'node_id': 10703, 'site_id': 10204, 'hostname': 'planetlab-1.rml.ryerson.ca'}
{'node_id': 3331, 'site_id': 146, 'hostname': 'planetlab2.cs.unb.ca'}
{'node_id': 10006, 'site_id': 10003, 'hostname': 'planetlab1.engr.ccny.cuny.edu'}
{'node_id': 10169, 'site_id': 10063, 'hostname': 'planet-lab.iki.rssi.ru'}
{'node_id': 10594, 'site_id': 10115, 'hostname': 'plab2.psgtech.ac.in'}
{'node_id': 3332, 'site_id': 146, 'hostname': 'planetlab1.cs.unb.ca'}
{'node_id': 3389, 'site_id': 162, 'hostname': 'itchy.cs.uga.edu'}
{'node_id': 3390, 'site_id': 162, 'hostname': 'scratchy.cs.uga.edu'}
{'node_id': 10024, 'site_id': 10003, 'hostname': 'planetlab2.engr.ccny.cuny.edu'}
{'node_id': 10638, 'site_id': 10170, 'hostname': 'planetlab1.nowogrodzka.rd.tp.pl'}
{'node_id': 10893, 'site_id': 188, 'hostname': 'pl4.planetlab.uvic.ca'}
{'node_id': 10100, 'site_id': 221, 'hostname': 'planetlab2.iitr.ernet.in'}
{'node_id': 364, 'site_id': 106, 'hostname': 'planetlab0.ias.csusb.edu'}
{'node_id': 10994, 'site_id': 10226, 'hostname': 'pl1.bit.uoit.ca'}
{'node_id': 10454, 'site_id': 80, 'hostname': 'planetlab2.cse.msu.edu'}
{'node_id': 14718, 'site_id': 11581, 'hostname': 'planetlab3.informatik.uni-erlangen.de'}
{'node_id': 13414, 'site_id': 11436, 'hostname': 'node0.planetlab.etl.luc.edu'}
{'node_id': 14720, 'site_id': 11545, 'hostname': 'chronos.disy.inf.uni-konstanz.de'}
{'node_id': 13517, 'site_id': 11471, 'hostname': 'mnc2.pusan.ac.kr'}
{'node_id': 10727, 'site_id': 10115, 'hostname': 'pl2.ernet.in'}
{'node_id': 10189, 'site_id': 45, 'hostname': 'planetlab1.cs.wayne.edu'}
{'node_id': 184, 'site_id': 87, 'hostname': 'planetlab2.cse.nd.edu'}
{'node_id': 13276, 'site_id': 10244, 'hostname': 'charon.cs.binghamton.edu'}
{'node_id': 10690, 'site_id': 10192, 'hostname': 'planetlab1.homelinux.org'}
{'node_id': 10483, 'site_id': 10137, 'hostname': 'planetlab-2.vuse.vanderbilt.edu'}
{'node_id': 13415, 'site_id': 11436, 'hostname': 'node1.planetlab.etl.luc.edu'}
{'node_id': 10029, 'site_id': 10007, 'hostname': 'planetlab2.iitb.ac.in'}
{'node_id': 10087, 'site_id': 10007, 'hostname': 'planetlab1.iitb.ac.in'}
{'node_id': 10629, 'site_id': 10156, 'hostname': 'planetlab1.iin-bit.com.cn'}
{'node_id': 10177, 'site_id': 10067, 'hostname': 'planetlab02.uncc.edu'}
{'node_id': 47, 'site_id': 17, 'hostname': 'planetlab2.cs.duke.edu'}
{'node_id': 13274, 'site_id': 91, 'hostname': 'pl2.cewit.stonybrook.edu'}
{'node_id': 13273, 'site_id': 91, 'hostname': 'pl1.cewit.stonybrook.edu'}
{'node_id': 10444, 'site_id': 10126, 'hostname': 'planetlab-1a.ics.uci.edu'}
{'node_id': 13383, 'site_id': 11444, 'hostname': 'planetlab2.nileu.edu.eg'}
{'node_id': 13387, 'site_id': 11444, 'hostname': 'planetlab1.nileu.edu.eg'}
{'node_id': 10767, 'site_id': 10213, 'hostname': 'planetlabnode-1.docomolabs-usa.com'}
{'node_id': 13612, 'site_id': 231, 'hostname': 'planetlab1.simula.no'}
{'node_id': 13323, 'site_id': 10286, 'hostname': 'planetlab3.n.info.eng.osaka-cu.ac.jp'}
{'node_id': 10768, 'site_id': 10213, 'hostname': 'planetlabnode-2.docomolabs-usa.com'}
{'node_id': 10673, 'site_id': 10170, 'hostname': 'planetlab2.nowogrodzka.rd.tp.pl'}
{'node_id': 13275, 'site_id': 10244, 'hostname': 'pluto.cs.binghamton.edu'}
{'node_id': 13317, 'site_id': 11432, 'hostname': 'pn1-planetlab.huawei.com'}
{'node_id': 13318, 'site_id': 11432, 'hostname': 'pn2-planetlab.huawei.com'}
{'node_id': 8316, 'site_id': 228, 'hostname': 'planetlab2.pop-ce.rnp.br'}
{'node_id': 8315, 'site_id': 228, 'hostname': 'planetlab1.pop-ce.rnp.br'}
{'node_id': 10888, 'site_id': 10076, 'hostname': 'planetlab1.lublin.rd.tp.pl'}
{'node_id': 13360, 'site_id': 10185, 'hostname': 'planetlab6.goto.info.waseda.ac.jp'}
{'node_id': 10634, 'site_id': 10169, 'hostname': 'planetlab1.gdansk.rd.tp.pl'}
{'node_id': 10746, 'site_id': 7, 'hostname': 'planetlab1.arizona-gigapop.net'}
{'node_id': 14040, 'site_id': 10176, 'hostname': '75-130-96-12.static.oxfr.ma.charter.com'}
{'node_id': 14439, 'site_id': 11367, 'hostname': 'pl1.tailab.eu'}
{'node_id': 13903, 'site_id': 11511, 'hostname': 'planetlab2.ionio.gr'}
{'node_id': 14717, 'site_id': 11598, 'hostname': 'host4.planetlab.informatik.tu-darmstadt.de'}
{'node_id': 13635, 'site_id': 42, 'hostname': 'planetlab3.canterbury.ac.nz'}
{'node_id': 10390, 'site_id': 10107, 'hostname': 'planetlab2.csee.usf.edu'}
{'node_id': 14719, 'site_id': 11545, 'hostname': 'dannan.disy.inf.uni-konstanz.de'}
{'node_id': 3397, 'site_id': 155, 'hostname': 'planetlab2.cs.stevens-tech.edu'}
{'node_id': 13406, 'site_id': 11348, 'hostname': 'onelab3.info.ucl.ac.be'}
{'node_id': 7, 'site_id': 26, 'hostname': 'ricepl-1.cs.rice.edu'}
{'node_id': 13887, 'site_id': 11596, 'hostname': 'planetlab2.csg.uzh.ch'}
{'node_id': 13648, 'site_id': 11501, 'hostname': 'peeramide.irisa.fr'}
{'node_id': 13924, 'site_id': 11538, 'hostname': 'planetlab2.umassd.edu'}
{'node_id': 13320, 'site_id': 11434, 'hostname': 'planetlab-2.cs.auckland.ac.nz'}
{'node_id': 13656, 'site_id': 11493, 'hostname': 'planetlab01.tkn.tu-berlin.de'}
{'node_id': 13674, 'site_id': 11508, 'hostname': 'planetlab1.xeno.cl.cam.ac.uk'}
{'node_id': 108, 'site_id': 58, 'hostname': 'planetlab1.cs.uiuc.edu'}
{'node_id': 11104, 'site_id': 18, 'hostname': 'planetlab3.postel.org'}
{'node_id': 14649, 'site_id': 11478, 'hostname': 'pl3.sos.info.hiroshima-cu.ac.jp'}
{'node_id': 14671, 'site_id': 11431, 'hostname': 'plutarch.di.uoa.gr'}
{'node_id': 13154, 'site_id': 11378, 'hostname': 'planetlabeu-1.tssg.org'}
{'node_id': 14250, 'site_id': 10280, 'hostname': 'planet-lab3.uba.ar'}
{'node_id': 14067, 'site_id': 11647, 'hostname': '146-179.surfsnel.dsl.internl.net'}
{'node_id': 13670, 'site_id': 11502, 'hostname': 'ple01.fc.univie.ac.at'}
{'node_id': 13356, 'site_id': 11411, 'hostname': 'ple2.ait.ac.th'}
{'node_id': 14716, 'site_id': 11859, 'hostname': 'ple2.det.uvigo.es'}
{'node_id': 10793, 'site_id': 10229, 'hostname': 'plab-2.sinp.msu.ru'}
{'node_id': 3221, 'site_id': 24, 'hostname': 'planetlab7.millennium.berkeley.edu'}
{'node_id': 14715, 'site_id': 11859, 'hostname': 'ple1.det.uvigo.es'}
{'node_id': 14154, 'site_id': 11669, 'hostname': 'planetlab-13.e5.ijs.si'}
{'node_id': 90, 'site_id': 21, 'hostname': 'planetlab1.eecs.umich.edu'}
{'node_id': 14248, 'site_id': 11686, 'hostname': 'planetlab-coffee.ait.ie'}
{'node_id': 13461, 'site_id': 11446, 'hostname': 'ple2.tu.koszalin.pl'}
{'node_id': 12, 'site_id': 34, 'hostname': 'pl2.eecs.utk.edu'}
{'node_id': 14036, 'site_id': 11566, 'hostname': 'planetlab-3.cs.ucy.ac.cy'}
{'node_id': 13636, 'site_id': 42, 'hostname': 'planetlab4.canterbury.ac.nz'}
{'node_id': 13880, 'site_id': 11585, 'hostname': 'planetlab1.sics.se'}
{'node_id': 13628, 'site_id': 11472, 'hostname': 'plnode-04.gpolab.bbn.com'}
{'node_id': 14251, 'site_id': 10280, 'hostname': 'planet-lab4.uba.ar'}
{'node_id': 14264, 'site_id': 11670, 'hostname': 'aguila2.lsi.upc.edu'}
{'node_id': 14265, 'site_id': 11407, 'hostname': 'planck249ple.test.iminds.be'}
{'node_id': 14266, 'site_id': 11407, 'hostname': 'planck250ple.test.iminds.be'}
{'node_id': 13806, 'site_id': 11588, 'hostname': 'planetlab3.di.unito.it'}
{'node_id': 13791, 'site_id': 192, 'hostname': 'planetlab2.buaa.edu.cn'}
{'node_id': 11372, 'site_id': 10208, 'hostname': 'planetlab-01.vt.nodes.planet-lab.org'}
{'node_id': 10609, 'site_id': 10163, 'hostname': 'planetlab-02.kusa.ac.jp'}
{'node_id': 8314, 'site_id': 5, 'hostname': 'planetx.scs.cs.nyu.edu'}
{'node_id': 14263, 'site_id': 11670, 'hostname': 'aguila1.lsi.upc.edu'}
{'node_id': 13965, 'site_id': 11418, 'hostname': 'planetlab1.hust.edu.cn'}
{'node_id': 14207, 'site_id': 13, 'hostname': 'node01.verivue.princeton.edu'}
{'node_id': 85, 'site_id': 9, 'hostname': 'planetlab2.cis.upenn.edu'}
{'node_id': 14208, 'site_id': 13, 'hostname': 'node02.verivue.princeton.edu'}
{'node_id': 10262, 'site_id': 119, 'hostname': 'planetlab1.iii.u-tokyo.ac.jp'}
{'node_id': 10470, 'site_id': 10128, 'hostname': 'planetlab-2.usask.ca'}
{'node_id': 11003, 'site_id': 10057, 'hostname': 'cs-planetlab3.cs.surrey.sfu.ca'}
{'node_id': 14043, 'site_id': 10176, 'hostname': '75-130-96-13.static.oxfr.ma.charter.com'}
{'node_id': 14262, 'site_id': 11398, 'hostname': 'mlc2.measurementlab.net'}
{'node_id': 11078, 'site_id': 21, 'hostname': 'planetlab4.eecs.umich.edu'}
{'node_id': 10912, 'site_id': 217, 'hostname': 'earth.cs.brown.edu'}
{'node_id': 14261, 'site_id': 11398, 'hostname': 'mlc1.measurementlab.net'}
{'node_id': 10175, 'site_id': 10066, 'hostname': 'planetlab1.cs.pitt.edu'}
{'node_id': 165, 'site_id': 81, 'hostname': 'planetlab2.cnds.jhu.edu'}
{'node_id': 10909, 'site_id': 217, 'hostname': 'saturn.cs.brown.edu'}
{'node_id': 14441, 'site_id': 11742, 'hostname': 'planetlab2.iiitd.edu.in'}
{'node_id': 14354, 'site_id': 11612, 'hostname': 'planetlab-2.scie.uestc.edu.cn'}
{'node_id': 10932, 'site_id': 57, 'hostname': 'planetlab2.cs.unc.edu'}
{'node_id': 13212, 'site_id': 11397, 'hostname': 'roam2.cs.ou.edu'}
{'node_id': 10927, 'site_id': 10259, 'hostname': 'planet-lab2.ufabc.edu.br'}
{'node_id': 40, 'site_id': 15, 'hostname': 'planetlab-1.cmcl.cs.cmu.edu'}
{'node_id': 42, 'site_id': 15, 'hostname': 'planetlab-3.cmcl.cs.cmu.edu'}
{'node_id': 10235, 'site_id': 86, 'hostname': 'plab1.nec-labs.com'}
{'node_id': 3398, 'site_id': 155, 'hostname': 'planetlab1.cs.stevens-tech.edu'}
{'node_id': 14448, 'site_id': 10055, 'hostname': 'agni.iitd.ernet.in'}
{'node_id': 13563, 'site_id': 29, 'hostname': 'planetlab7.csres.utexas.edu'}
{'node_id': 14221, 'site_id': 10098, 'hostname': 'planet-plc-3.mpi-sws.org'}
{'node_id': 10695, 'site_id': 10205, 'hostname': 'planetlab1.inf.ethz.ch'}
{'node_id': 33, 'site_id': 18, 'hostname': 'planetlab1.postel.org'}
{'node_id': 10601, 'site_id': 10158, 'hostname': 'planetlab3.singaren.net.sg'}
{'node_id': 13767, 'site_id': 11528, 'hostname': 'planetlab2.cnis.nyit.edu'}
{'node_id': 361, 'site_id': 23, 'hostname': 'planetlab5.csail.mit.edu'}
{'node_id': 14449, 'site_id': 10055, 'hostname': 'vayu.iitd.ernet.in'}
{'node_id': 11005, 'site_id': 10285, 'hostname': 'planetlab2.csie.nuk.edu.tw'}
{'node_id': 10848, 'site_id': 10069, 'hostname': 'planetlab4.warsaw.rd.tp.pl'}
{'node_id': 14079, 'site_id': 11540, 'hostname': 'pl2.zju.edu.cn'}
{'node_id': 14455, 'site_id': 10151, 'hostname': 'planetlab3.cesnet.cz'}
{'node_id': 13179, 'site_id': 59, 'hostname': 'planetlab1.cs.ucl.ac.uk'}
{'node_id': 2, 'site_id': 5, 'hostname': 'planet1.scs.cs.nyu.edu'}
{'node_id': 20, 'site_id': 38, 'hostname': 'planetlab2.cs.umass.edu'}
{'node_id': 14167, 'site_id': 112, 'hostname': 'pl3.cs.unm.edu'}
{'node_id': 14452, 'site_id': 13, 'hostname': 'newbootcd.cs.princeton.edu'}
{'node_id': 87, 'site_id': 26, 'hostname': 'ricepl-2.cs.rice.edu'}
{'node_id': 3242, 'site_id': 132, 'hostname': 'planetlab2.ntu.nodes.planet-lab.org'}
{'node_id': 14454, 'site_id': 11581, 'hostname': 'planetlab2.informatik.uni-erlangen.de'}
{'node_id': 10545, 'site_id': 6, 'hostname': 'planetlab2.ucsd.edu'}
{'node_id': 91, 'site_id': 21, 'hostname': 'planetlab2.eecs.umich.edu'}
{'node_id': 10529, 'site_id': 10146, 'hostname': 'kc-sce-plab1.umkc.edu'}
{'node_id': 93, 'site_id': 19, 'hostname': 'kupl2.ittc.ku.edu'}
{'node_id': 11088, 'site_id': 139, 'hostname': 'planetlab2.unl.edu'}
{'node_id': 10976, 'site_id': 24, 'hostname': 'planetlab15.millennium.berkeley.edu'}
{'node_id': 13945, 'site_id': 11607, 'hostname': 'planetlab1.ucsc.cmb.ac.lk'}
{'node_id': 10022, 'site_id': 229, 'hostname': 'planetlab1.pop-rj.rnp.br'}
{'node_id': 10263, 'site_id': 119, 'hostname': 'planetlab2.iii.u-tokyo.ac.jp'}
{'node_id': 10190, 'site_id': 45, 'hostname': 'planetlab2.cs.wayne.edu'}
{'node_id': 13762, 'site_id': 11467, 'hostname': 'of-planet5.stanford.edu'}
{'node_id': 10110, 'site_id': 10042, 'hostname': 'planetlab2.een.orst.edu'}
{'node_id': 14692, 'site_id': 11594, 'hostname': 'planetlab2.informatik.uni-kl.de'}
{'node_id': 10337, 'site_id': 10099, 'hostname': 'planetlab01.erin.utoronto.ca'}
{'node_id': 3408, 'site_id': 117, 'hostname': 'planetlab1.ece.ucdavis.edu'}
{'node_id': 28, 'site_id': 43, 'hostname': 'planetlab2.cs.uchicago.edu'}
{'node_id': 10445, 'site_id': 10126, 'hostname': 'planetlab-2a.ics.uci.edu'}
{'node_id': 13521, 'site_id': 10126, 'hostname': 'planetlab-3.ics.uci.edu'}
{'node_id': 13518, 'site_id': 11409, 'hostname': 'nw144.csie.ncu.edu.tw'}
{'node_id': 14691, 'site_id': 11594, 'hostname': 'planetlab1.informatik.uni-kl.de'}
{'node_id': 10111, 'site_id': 10042, 'hostname': 'planetlab1.een.orst.edu'}
{'node_id': 10125, 'site_id': 10050, 'hostname': 'planetlab-1.ece.iastate.edu'}
{'node_id': 10604, 'site_id': 10076, 'hostname': 'planetlab1.swidnik.rd.tp.pl'}
{'node_id': 10632, 'site_id': 10172, 'hostname': 'fobos.cecalc.ula.ve'}
{'node_id': 10338, 'site_id': 10099, 'hostname': 'planetlab02.erin.utoronto.ca'}
{'node_id': 10635, 'site_id': 10169, 'hostname': 'planetlab2.gdansk.rd.tp.pl'}
{'node_id': 10227, 'site_id': 10075, 'hostname': 'planetlab-02.naist.jp'}
{'node_id': 10313, 'site_id': 10075, 'hostname': 'planetlab-03.naist.jp'}
{'node_id': 10691, 'site_id': 10075, 'hostname': 'planetlab-04.naist.jp'}
{'node_id': 29, 'site_id': 43, 'hostname': 'planetlab3.cs.uchicago.edu'}
{'node_id': 3220, 'site_id': 24, 'hostname': 'planetlab6.millennium.berkeley.edu'}
{'node_id': 3238, 'site_id': 121, 'hostname': 'pli2-br-1.hpl.hp.com'}
{'node_id': 3214, 'site_id': 24, 'hostname': 'planetlab4.millennium.berkeley.edu'}
{'node_id': 3233, 'site_id': 121, 'hostname': 'pli1-br-3.hpl.hp.com'}
{'node_id': 3234, 'site_id': 121, 'hostname': 'pli1-br-1.hpl.hp.com'}
{'node_id': 3237, 'site_id': 121, 'hostname': 'pli2-br-2.hpl.hp.com'}
{'node_id': 3413, 'site_id': 121, 'hostname': 'pli1-tlnx.hpl.hp.com'}
{'node_id': 8181, 'site_id': 24, 'hostname': 'planetlab3.millennium.berkeley.edu'}
{'node_id': 13537, 'site_id': 43, 'hostname': 'planetlab4.cs.uchicago.edu'}
{'node_id': 10646, 'site_id': 17, 'hostname': 'planetlab4.cs.duke.edu'}
{'node_id': 13343, 'site_id': 10158, 'hostname': 'planetlab4.singaren.net.sg'}
{'node_id': 14453, 'site_id': 13, 'hostname': 'f20bootcd.cs.princeton.edu'}
{'node_id': 14046, 'site_id': 11631, 'hostname': 'planetlab2.cqupt.edu.cn'}
{'node_id': 13905, 'site_id': 11584, 'hostname': 'planetlab1.exp-math.uni-essen.de'}
{'node_id': 10598, 'site_id': 10159, 'hostname': 'planetlab1.dojima.wide.ad.jp'}
{'node_id': 11057, 'site_id': 10279, 'hostname': 'node1.planetlab.mathcs.emory.edu'}
{'node_id': 41, 'site_id': 15, 'hostname': 'planetlab-2.cmcl.cs.cmu.edu'}
{'node_id': 14457, 'site_id': 11766, 'hostname': 'planetlab-01.cs.angelo.edu'}
{'node_id': 13514, 'site_id': 14, 'hostname': 'planetlab06.cs.washington.edu'}
{'node_id': 14456, 'site_id': 11435, 'hostname': 'ple1.zcu.cz'}
{'node_id': 14224, 'site_id': 10098, 'hostname': 'planet-plc-6.mpi-sws.org'}
{'node_id': 10589, 'site_id': 90, 'hostname': 'planet2.cc.gt.atl.ga.us'}
{'node_id': 14460, 'site_id': 86, 'hostname': 'plab3.nec-labs.com'}
{'node_id': 13738, 'site_id': 11510, 'hostname': 'planetlab1.aut.ac.nz'}
{'node_id': 13510, 'site_id': 11426, 'hostname': 'planetlab2.plab.ege.edu.tr'}
{'node_id': 14458, 'site_id': 205, 'hostname': 'planetlab2.dtc.umn.edu'}
{'node_id': 13968, 'site_id': 11603, 'hostname': 'planet1.l3s.uni-hannover.de'}
{'node_id': 13643, 'site_id': 11498, 'hostname': 'planetlab2.cs.uml.edu'}
{'node_id': 14478, 'site_id': 10044, 'hostname': 'planetlab3.georgetown.edu'}
{'node_id': 14272, 'site_id': 11415, 'hostname': 'planetlab1.unr.edu'}
{'node_id': 13335, 'site_id': 10326, 'hostname': 'pl2.rcc.uottawa.ca'}
{'node_id': 14479, 'site_id': 10044, 'hostname': 'planetlab4.georgetown.edu'}
{'node_id': 14048, 'site_id': 11617, 'hostname': 'planetlab1.elet.polimi.it'}
{'node_id': 10599, 'site_id': 10158, 'hostname': 'planetlab1.singaren.net.sg'}
{'node_id': 83, 'site_id': 90, 'hostname': 'planet1.cc.gt.atl.ga.us'}
{'node_id': 14509, 'site_id': 11763, 'hostname': 'pl1.prakinf.tu-ilmenau.de'}
{'node_id': 14510, 'site_id': 11763, 'hostname': 'pl2.prakinf.tu-ilmenau.de'}
{'node_id': 13755, 'site_id': 11526, 'hostname': 'pl1.cis.uab.edu'}
{'node_id': 14520, 'site_id': 13, 'hostname': 'pl221nassau0.cs.princeton.edu'}
{'node_id': 14519, 'site_id': 13, 'hostname': 'mlabtest.cs.princeton.edu'}
{'node_id': 13266, 'site_id': 10280, 'hostname': 'planet-lab2.uba.ar'}
{'node_id': 10203, 'site_id': 78, 'hostname': 'planetlab2.rutgers.edu'}
{'node_id': 14518, 'site_id': 11599, 'hostname': 'planetlab1.net.in.tum.de'}
{'node_id': 11498, 'site_id': 10323, 'hostname': 'pl-node-0.csl.sri.com'}
{'node_id': 13640, 'site_id': 11490, 'hostname': 'planetlab1.pop-pa.rnp.br'}
{'node_id': 14514, 'site_id': 112, 'hostname': 'pl1.cs.unm.edu'}
{'node_id': 84, 'site_id': 9, 'hostname': 'planetlab1.cis.upenn.edu'}
{'node_id': 13921, 'site_id': 11539, 'hostname': 'planetlab2.dit.upm.es'}
{'node_id': 14055, 'site_id': 11609, 'hostname': 'plab-2.diegm.uniud.it'}
{'node_id': 13781, 'site_id': 11551, 'hostname': 'planetvs2.informatik.uni-stuttgart.de'}
{'node_id': 13774, 'site_id': 11513, 'hostname': 'pl-dccd-02.cua.uam.mx'}
{'node_id': 3218, 'site_id': 24, 'hostname': 'planetlab14.millennium.berkeley.edu'}
{'node_id': 55, 'site_id': 29, 'hostname': 'planetlab2.csres.utexas.edu'}
{'node_id': 10226, 'site_id': 10075, 'hostname': 'planetlab-01.naist.jp'}
{'node_id': 11022, 'site_id': 10257, 'hostname': 'planetlab1.cs.umb.edu'}
{'node_id': 11023, 'site_id': 10257, 'hostname': 'planetlab2.cs.umb.edu'}
{'node_id': 8229, 'site_id': 203, 'hostname': 'planetlab2.uc.edu'}
{'node_id': 8228, 'site_id': 203, 'hostname': 'planetlab1.uc.edu'}
{'node_id': 13055, 'site_id': 11371, 'hostname': 'node2pl.planet-lab.telecom-lille1.eu'}
{'node_id': 45, 'site_id': 25, 'hostname': 'planet2.scs.stanford.edu'}
{'node_id': 50, 'site_id': 23, 'hostname': 'planetlab3.csail.mit.edu'}
{'node_id': 10926, 'site_id': 10259, 'hostname': 'planet-lab1.ufabc.edu.br'}
{'node_id': 10823, 'site_id': 10201, 'hostname': 'planetlab01.lums.edu.pk'}
{'node_id': 10432, 'site_id': 80, 'hostname': 'planetlab1.cse.msu.edu'}
{'node_id': 10652, 'site_id': 10172, 'hostname': 'deimos.cecalc.ula.ve'}
{'node_id': 11024, 'site_id': 29, 'hostname': 'planetlab4.csres.utexas.edu'}
{'node_id': 13561, 'site_id': 11479, 'hostname': 'planetlab2.upm.ro'}
{'node_id': 11484, 'site_id': 10001, 'hostname': 'planetlab-4.eecs.cwru.edu'}
{'node_id': 10887, 'site_id': 10076, 'hostname': 'planetlab2.lublin.rd.tp.pl'}
{'node_id': 79, 'site_id': 29, 'hostname': 'planetlab1.csres.utexas.edu'}
{'node_id': 8224, 'site_id': 56, 'hostname': 'planetlab1.eecs.northwestern.edu'}
{'node_id': 14056, 'site_id': 11609, 'hostname': 'plab-1.diegm.uniud.it'}
{'node_id': 13944, 'site_id': 11607, 'hostname': 'planetlab0.ucsc.cmb.ac.lk'}
{'node_id': 13093, 'site_id': 11360, 'hostname': 'planetlab-2.fhi-fokus.de'}
{'node_id': 10710, 'site_id': 10193, 'hostname': 'planetlab2.eas.asu.edu'}
{'node_id': 80, 'site_id': 29, 'hostname': 'planetlab3.csres.utexas.edu'}
{'node_id': 10711, 'site_id': 10193, 'hostname': 'planetlab1.eas.asu.edu'}
{'node_id': 13649, 'site_id': 11501, 'hostname': 'peeramidion.irisa.fr'}
{'node_id': 13777, 'site_id': 135, 'hostname': 'arari.snu.ac.kr'}
{'node_id': 3206, 'site_id': 117, 'hostname': 'planetlab2.ece.ucdavis.edu'}
{'node_id': 10811, 'site_id': 10168, 'hostname': 'planetlab3.piotrkow.rd.tp.pl'}
{'node_id': 74, 'site_id': 4, 'hostname': 'planetlab2.netlab.uky.edu'}
{'node_id': 13157, 'site_id': 10280, 'hostname': 'planet-lab1.uba.ar'}
{'node_id': 4, 'site_id': 25, 'hostname': 'planet1.scs.stanford.edu'}
{'node_id': 10737, 'site_id': 10205, 'hostname': 'planetlab4.inf.ethz.ch'}
{'node_id': 13647, 'site_id': 11409, 'hostname': 'nw142.csie.ncu.edu.tw'}
{'node_id': 13502, 'site_id': 11426, 'hostname': 'planetlab1.plab.ege.edu.tr'}
{'node_id': 10185, 'site_id': 44, 'hostname': 'planetlab2.ie.cuhk.edu.hk'}
{'node_id': 13146, 'site_id': 11390, 'hostname': 'nis-planet2.doshisha.ac.jp'}
{'node_id': 13294, 'site_id': 13, 'hostname': 'planetlab-02.cs.princeton.edu'}
{'node_id': 14068, 'site_id': 11647, 'hostname': '147-179.surfsnel.dsl.internl.net'}
{'node_id': 13375, 'site_id': 11392, 'hostname': 'plab4.ple.silweb.pl'}
{'node_id': 10431, 'site_id': 58, 'hostname': 'planetlab4.cs.uiuc.edu'}
{'node_id': 10527, 'site_id': 10151, 'hostname': 'planetlab2.cesnet.cz'}
{'node_id': 13689, 'site_id': 11515, 'hostname': 'planetlab2.bupt.edu.cn'}
{'node_id': 11060, 'site_id': 10243, 'hostname': 'planetlab5.williams.edu'}
{'node_id': 13481, 'site_id': 17, 'hostname': 'planetlab6.cs.duke.edu'}
{'node_id': 11087, 'site_id': 139, 'hostname': 'planetlab1.unl.edu'}
{'node_id': 10597, 'site_id': 10159, 'hostname': 'planetlab0.dojima.wide.ad.jp'}
{'node_id': 13533, 'site_id': 11470, 'hostname': 'pl1.eng.monash.edu.au'}
{'node_id': 13107, 'site_id': 11345, 'hostname': 'planetlab02.dis.unina.it'}
{'node_id': 13173, 'site_id': 11382, 'hostname': 'planetlab-1.imag.fr'}
{'node_id': 11072, 'site_id': 10279, 'hostname': 'node2.planetlab.mathcs.emory.edu'}
{'node_id': 13430, 'site_id': 120, 'hostname': 'planetlab3.cs.uoregon.edu'}
{'node_id': 11096, 'site_id': 10134, 'hostname': 'server3.planetlab.iit-tech.net'}
{'node_id': 3230, 'site_id': 131, 'hostname': 'planetlab1.bgu.ac.il'}
{'node_id': 8226, 'site_id': 56, 'hostname': 'planetlab2.eecs.northwestern.edu'}
{'node_id': 13935, 'site_id': 11562, 'hostname': 'planetlab1.informatik.uni-goettingen.de'}
{'node_id': 13969, 'site_id': 11603, 'hostname': 'planet2.l3s.uni-hannover.de'}
{'node_id': 10763, 'site_id': 10217, 'hostname': 'planetlab1-tijuana.lan.redclara.net'}
{'node_id': 10590, 'site_id': 90, 'hostname': 'planet3.cc.gt.atl.ga.us'}
{'node_id': 13644, 'site_id': 11498, 'hostname': 'planetlab1.cs.uml.edu'}
{'node_id': 10236, 'site_id': 78, 'hostname': 'planetlab1.rutgers.edu'}
{'node_id': 13877, 'site_id': 11556, 'hostname': 'planetlab2.fct.ualg.pt'}
{'node_id': 13902, 'site_id': 11511, 'hostname': 'planetlab1.ionio.gr'}
{'node_id': 13094, 'site_id': 11350, 'hostname': 'planetlab1lannion.elibel.tm.fr'}
{'node_id': 13912, 'site_id': 11380, 'hostname': 'uoepl1.essex.ac.uk'}
{'node_id': 13860, 'site_id': 11583, 'hostname': 'planetlab2.unineuchatel.ch'}
{'node_id': 13862, 'site_id': 11559, 'hostname': 'planetlab4.cslab.ece.ntua.gr'}
{'node_id': 13371, 'site_id': 11392, 'hostname': 'plab3.ple.silweb.pl'}
{'node_id': 13889, 'site_id': 11610, 'hostname': 'planetlab1.ifi.uio.no'}
{'node_id': 13890, 'site_id': 11610, 'hostname': 'planetlab2.ifi.uio.no'}
{'node_id': 13792, 'site_id': 11541, 'hostname': 'planetlab2.tsuniv.edu'}
{'node_id': 13901, 'site_id': 11569, 'hostname': 'planetlab2.eurecom.fr'}
{'node_id': 13513, 'site_id': 14, 'hostname': 'planetlab05.cs.washington.edu'}
{'node_id': 13936, 'site_id': 11593, 'hostname': 'planetlab4.hiit.fi'}
{'node_id': 13116, 'site_id': 20, 'hostname': 'vn5.cse.wustl.edu'}
{'node_id': 10382, 'site_id': 10109, 'hostname': 'planet-lab2.cs.ucr.edu'}
{'node_id': 13954, 'site_id': 11591, 'hostname': 'planetlab4.cs.st-andrews.ac.uk'}
{'node_id': 13976, 'site_id': 11560, 'hostname': 'planetlab2.tmit.bme.hu'}
{'node_id': 13522, 'site_id': 11443, 'hostname': 'planetlab1.cyfronet.pl'}
{'node_id': 13972, 'site_id': 11619, 'hostname': 'planetlab02.cnds.unibe.ch'}
{'node_id': 10892, 'site_id': 188, 'hostname': 'pl3.planetlab.uvic.ca'}
{'node_id': 10381, 'site_id': 10109, 'hostname': 'planet-lab1.cs.ucr.edu'}
{'node_id': 10172, 'site_id': 10061, 'hostname': 'planetlab1.acis.ufl.edu'}
{'node_id': 11089, 'site_id': 189, 'hostname': 'planetlab3.comp.nus.edu.sg'}
{'node_id': 13458, 'site_id': 11457, 'hostname': 'planetlab-1.sjtu.edu.cn'}
{'node_id': 14097, 'site_id': 11492, 'hostname': 'lim-planetlab-1.univ-reunion.fr'}
{'node_id': 13431, 'site_id': 120, 'hostname': 'planetlab1.cs.uoregon.edu'}
{'node_id': 10173, 'site_id': 10061, 'hostname': 'planetlab2.acis.ufl.edu'}
{'node_id': 13808, 'site_id': 11575, 'hostname': 'dschinni.planetlab.extranet.uni-passau.de'}
{'node_id': 13907, 'site_id': 11548, 'hostname': 'planetlab1.aston.ac.uk'}
{'node_id': 11404, 'site_id': 31, 'hostname': 'planetlab2.cs.ucla.edu'}
{'node_id': 14699, 'site_id': 11758, 'hostname': 'ple1.hpca.ual.es'}
{'node_id': 13658, 'site_id': 11500, 'hostname': 'planet-lab-node2.netgroup.uniroma2.it'}
{'node_id': 13663, 'site_id': 11501, 'hostname': 'inriarennes2.irisa.fr'}
{'node_id': 13357, 'site_id': 11422, 'hostname': 'planet1.servers.ua.pt'}
{'node_id': 13460, 'site_id': 11446, 'hostname': 'ple1.tu.koszalin.pl'}
{'node_id': 14050, 'site_id': 11540, 'hostname': 'pln.zju.edu.cn'}
{'node_id': 14628, 'site_id': 11804, 'hostname': 'node1.planetlab.uni-luebeck.de'}
{'node_id': 14629, 'site_id': 11804, 'hostname': 'node2.planetlab.uni-luebeck.de'}
{'node_id': 13562, 'site_id': 29, 'hostname': 'planetlab6.csres.utexas.edu'}
{'node_id': 13904, 'site_id': 11595, 'hostname': 'iraplab1.iralab.uni-karlsruhe.de'}
{'node_id': 13166, 'site_id': 11393, 'hostname': 'plonk.cs.uwaterloo.ca'}
{'node_id': 13916, 'site_id': 11593, 'hostname': 'planetlab3.hiit.fi'}
{'node_id': 13633, 'site_id': 7, 'hostname': 'planetlab3.arizona-gigapop.net'}
{'node_id': 10112, 'site_id': 10038, 'hostname': 'planetlab1.cs.colorado.edu'}
{'node_id': 11038, 'site_id': 10057, 'hostname': 'cs-planetlab4.cs.surrey.sfu.ca'}
{'node_id': 13939, 'site_id': 11509, 'hostname': 'planetlab-1.research.netlab.hut.fi'}
{'node_id': 13893, 'site_id': 11586, 'hostname': 'planetlab1.ics.forth.gr'}
{'node_id': 13973, 'site_id': 11619, 'hostname': 'planetlab04.cnds.unibe.ch'}
{'node_id': 13106, 'site_id': 11368, 'hostname': 'planetlab2.s3.kth.se'}
{'node_id': 13669, 'site_id': 11502, 'hostname': 'ple02.fc.univie.ac.at'}
{'node_id': 14642, 'site_id': 11491, 'hostname': 'planetlab1.informatik.uni-wuerzburg.de'}
{'node_id': 13637, 'site_id': 11494, 'hostname': 'planetlab1.cs.du.edu'}
{'node_id': 13800, 'site_id': 11564, 'hostname': 'planetlab-1.iscte.pt'}
{'node_id': 13866, 'site_id': 11574, 'hostname': 'planetlab2.ci.pwr.wroc.pl'}
{'node_id': 13990, 'site_id': 11570, 'hostname': 'planetlab01.cs.tcd.ie'}
{'node_id': 13061, 'site_id': 11363, 'hostname': 'planet2.cs.huji.ac.il'}
{'node_id': 14120, 'site_id': 11533, 'hostname': 'planetlab2.diku.dk'}
{'node_id': 13879, 'site_id': 11580, 'hostname': 'planetlab-4.imperial.ac.uk'}
{'node_id': 10546, 'site_id': 6, 'hostname': 'planetlab3.ucsd.edu'}
{'node_id': 14650, 'site_id': 11478, 'hostname': 'pl4.sos.info.hiroshima-cu.ac.jp'}
{'node_id': 13631, 'site_id': 11482, 'hostname': 'orval.infonet.fundp.ac.be'}
{'node_id': 13655, 'site_id': 11412, 'hostname': 'planetlab2.thlab.net'}
{'node_id': 14702, 'site_id': 11758, 'hostname': 'ple2.hpca.ual.es'}
{'node_id': 13527, 'site_id': 11374, 'hostname': 'planetlab1.willab.fi'}
{'node_id': 13526, 'site_id': 11374, 'hostname': 'planetlab2.willab.fi'}
{'node_id': 13809, 'site_id': 11555, 'hostname': 'planet1.inf.tu-dresden.de'}
{'node_id': 14006, 'site_id': 11567, 'hostname': 'ait05.us.es'}
{'node_id': 14231, 'site_id': 11579, 'hostname': 'planetlab2.urv.cat'}
{'node_id': 13394, 'site_id': 11360, 'hostname': 'onelab-2.fhi-fokus.de'}
{'node_id': 14058, 'site_id': 11646, 'hostname': 'planetlab2.research.nicta.com.au'}
{'node_id': 14060, 'site_id': 11621, 'hostname': 'prata.mimuw.edu.pl'}
{'node_id': 13557, 'site_id': 11430, 'hostname': 'ple1.dmcs.p.lodz.pl'}
{'node_id': 13560, 'site_id': 11479, 'hostname': 'planetlab1.upm.ro'}
{'node_id': 11403, 'site_id': 31, 'hostname': 'planetlab1.cs.ucla.edu'}
{'node_id': 13803, 'site_id': 11588, 'hostname': 'planetlab1.di.unito.it'}
{'node_id': 10581, 'site_id': 10133, 'hostname': 'plab2.engr.sjsu.edu'}
{'node_id': 14356, 'site_id': 11612, 'hostname': 'planetlab-1.scie.uestc.edu.cn'}
{'node_id': 13630, 'site_id': 11482, 'hostname': 'chimay.infonet.fundp.ac.be'}
{'node_id': 13740, 'site_id': 11481, 'hostname': 'planetlab1.esprit-tn.com'}
{'node_id': 15, 'site_id': 36, 'hostname': 'planetlab2.cs.ubc.ca'}
{'node_id': 11514, 'site_id': 10050, 'hostname': 'planetlab-5.ece.iastate.edu'}
{'node_id': 13214, 'site_id': 11417, 'hostname': 'planetlab-2.cs.unibas.ch'}
{'node_id': 13830, 'site_id': 11587, 'hostname': 'planetlab2.polito.it'}
{'node_id': 13731, 'site_id': 11351, 'hostname': 'planetlab2.uc3m.es'}
{'node_id': 13143, 'site_id': 11377, 'hostname': 'planetlab2.utt.fr'}
{'node_id': 13736, 'site_id': 11359, 'hostname': 'planetlabpc1.upf.edu'}
{'node_id': 13741, 'site_id': 11481, 'hostname': 'planetlab2.esprit-tn.com'}
{'node_id': 14143, 'site_id': 11670, 'hostname': 'planetlab1.upc.es'}
{'node_id': 13570, 'site_id': 11372, 'hostname': 'onelab7.iet.unipi.it'}
{'node_id': 13155, 'site_id': 11378, 'hostname': 'planetlabeu-2.tssg.org'}
{'node_id': 14145, 'site_id': 11670, 'hostname': 'planetlab3.upc.es'}
{'node_id': 14092, 'site_id': 11650, 'hostname': 'planetlab1.eecs.jacobs-university.de'}
{'node_id': 13652, 'site_id': 11488, 'hostname': 'planetlab2.clemson.edu'}
{'node_id': 14096, 'site_id': 11650, 'hostname': 'planetlab2.eecs.jacobs-university.de'}
{'node_id': 13492, 'site_id': 11462, 'hostname': 'planetlab-2.ing.unimo.it'}
{'node_id': 13801, 'site_id': 11581, 'hostname': 'planetlab1.informatik.uni-erlangen.de'}
{'node_id': 14217, 'site_id': 11649, 'hostname': 'pl002.ece.upatras.gr'}
{'node_id': 13187, 'site_id': 11381, 'hostname': 'planetlab-node1.it-sudparis.eu'}
{'node_id': 13101, 'site_id': 11354, 'hostname': 'gschembra3.diit.unict.it'}
{'node_id': 14512, 'site_id': 116, 'hostname': 'pli1-pa-2.hpl.hp.com'}
{'node_id': 164, 'site_id': 81, 'hostname': 'planetlab1.cnds.jhu.edu'}
{'node_id': 13804, 'site_id': 11588, 'hostname': 'planetlab2.di.unito.it'}
{'node_id': 13805, 'site_id': 11564, 'hostname': 'planetlab-2.iscte.pt'}
{'node_id': 13213, 'site_id': 11417, 'hostname': 'planetlab-1.cs.unibas.ch'}
{'node_id': 13454, 'site_id': 11435, 'hostname': 'ple2.cesnet.cz'}
{'node_id': 14166, 'site_id': 112, 'hostname': 'pl2.cs.unm.edu'}
{'node_id': 10815, 'site_id': 63, 'hostname': 'planetlab-02.bu.edu'}
{'node_id': 13453, 'site_id': 11435, 'hostname': 'ple1.cesnet.cz'}
{'node_id': 13215, 'site_id': 10185, 'hostname': 'planetlab4.goto.info.waseda.ac.jp'}
{'node_id': 13789, 'site_id': 192, 'hostname': 'planetlab1.buaa.edu.cn'}
{'node_id': 13849, 'site_id': 11550, 'hostname': 'planetlab1.tlm.unavarra.es'}
{'node_id': 13848, 'site_id': 11550, 'hostname': 'planetlab2.tlm.unavarra.es'}
{'node_id': 13113, 'site_id': 11383, 'hostname': 'planet1.elte.hu'}
{'node_id': 13487, 'site_id': 21, 'hostname': 'planetlab5.eecs.umich.edu'} - Works
{'node_id': 13646, 'site_id': 11495, 'hostname': 'planetlab-n2.wand.net.nz'}
{'node_id': 3412, 'site_id': 79, 'hostname': 'pli1-pa-4.hpl.hp.com'}
{'node_id': 14703, 'site_id': 11738, 'hostname': 'onelab2.pl.sophia.inria.fr'}
{'node_id': 14630, 'site_id': 11598, 'hostname': 'host1.planetlab.informatik.tu-darmstadt.de'}
{'node_id': 14704, 'site_id': 11738, 'hostname': 'onelab1.pl.sophia.inria.fr'}
{'node_id': 13295, 'site_id': 13, 'hostname': 'planetlab-03.cs.princeton.edu'}
{'node_id': 13720, 'site_id': 11512, 'hostname': 'planet2.pnl.nitech.ac.jp'}
{'node_id': 10423, 'site_id': 10118, 'hostname': 'pl1-higashi.ics.es.osaka-u.ac.jp'}
{'node_id': 13664, 'site_id': 93, 'hostname': 'pl1.6test.edu.cn'}
{'node_id': 39, 'site_id': 33, 'hostname': 'planetlab2.cs.cornell.edu'}
{'node_id': 14513, 'site_id': 116, 'hostname': 'pli1-pa-3.hpl.hp.com'}
{'node_id': 13639, 'site_id': 11496, 'hostname': 'planetlab-1.elisa.cpsc.ucalgary.ca'}
{'node_id': 10469, 'site_id': 10128, 'hostname': 'planetlab-1.usask.ca'}
{'node_id': 10658, 'site_id': 44, 'hostname': 'planetlab5.ie.cuhk.edu.hk'}
{'node_id': 14451, 'site_id': 113, 'hostname': 'planetlab2.koganei.itrc.net'}
{'node_id': 14038, 'site_id': 11522, 'hostname': 'planetlab1.cti.espol.edu.ec'}
{'node_id': 11084, 'site_id': 41, 'hostname': 'planetlab4.wail.wisc.edu'}
{'node_id': 13688, 'site_id': 11515, 'hostname': 'planetlab1.bupt.edu.cn'}
{'node_id': 13850, 'site_id': 109, 'hostname': 'planetlab3.tamu.edu'}
{'node_id': 13638, 'site_id': 11494, 'hostname': 'planetlab2.cs.du.edu'}
{'node_id': 10544, 'site_id': 6, 'hostname': 'planetlab1.ucsd.edu'}
{'node_id': 13758, 'site_id': 76, 'hostname': 'planet2.cs.rochester.edu'}
{'node_id': 331, 'site_id': 118, 'hostname': 'csplanetlab3.kaist.ac.kr'}
{'node_id': 13772, 'site_id': 11513, 'hostname': 'pl-dccd-01.cua.uam.mx'}
{'node_id': 10766, 'site_id': 10206, 'hostname': 'pl1snu.koren.kr'}
{'node_id': 10700, 'site_id': 150, 'hostname': 'planetlab4.mini.pw.edu.pl'}
{'node_id': 13170, 'site_id': 11395, 'hostname': 'planetlab2.cs.otago.ac.nz'}
{'node_id': 11485, 'site_id': 10001, 'hostname': 'planetlab-5.eecs.cwru.edu'}
{'node_id': 13565, 'site_id': 26, 'hostname': 'ricepl-4.cs.rice.edu'}
{'node_id': 10534, 'site_id': 10146, 'hostname': 'kc-sce-plab2.umkc.edu'}
{'node_id': 14054, 'site_id': 119, 'hostname': 'planetlab2.nakao-lab.org'}
{'node_id': 10883, 'site_id': 10248, 'hostname': 'planetlab01.sys.virginia.edu'}
{'node_id': 10759, 'site_id': 10216, 'hostname': 'planetlab1-buenosaires.lan.redclara.net'}
{'node_id': 10278, 'site_id': 49, 'hostname': 'pl1.csl.utoronto.ca'}
{'node_id': 14053, 'site_id': 119, 'hostname': 'planetlab1.nakao-lab.org'}
{'node_id': 13581, 'site_id': 11461, 'hostname': 'pnode2.pdcc-ntu.singaren.net.sg'}
{'node_id': 13621, 'site_id': 10064, 'hostname': 'plgmu5.ite.gmu.edu'}
{'node_id': 13719, 'site_id': 11512, 'hostname': 'planet1.pnl.nitech.ac.jp'}
{'node_id': 13400, 'site_id': 11416, 'hostname': 'planetlab2.csuohio.edu'}
{'node_id': 13846, 'site_id': 11580, 'hostname': 'planetlab-3.imperial.ac.uk'}
{'node_id': 13429, 'site_id': 120, 'hostname': 'planetlab2.cs.uoregon.edu'}
{'node_id': 10656, 'site_id': 44, 'hostname': 'planetlab4.ie.cuhk.edu.hk'}
{'node_id': 14714, 'site_id': 11819, 'hostname': 'planetlab2.emich.edu'}
{'node_id': 13784, 'site_id': 11549, 'hostname': 'mars.planetlab.haw-hamburg.de'}
{'node_id': 73, 'site_id': 4, 'hostname': 'planetlab1.netlab.uky.edu'}
{'node_id': 14168, 'site_id': 112, 'hostname': 'pl4.cs.unm.edu'}
{'node_id': 10697, 'site_id': 10205, 'hostname': 'planetlab2.inf.ethz.ch'}
{'node_id': 11499, 'site_id': 10323, 'hostname': 'pl-node-1.csl.sri.com'}
{'node_id': 10484, 'site_id': 10138, 'hostname': 'planetlab1.eecs.wsu.edu'}
{'node_id': 14709, 'site_id': 11819, 'hostname': 'planetlab1.emich.edu'}
{'node_id': 14075, 'site_id': 89, 'hostname': 'plab1.cs.msu.ru'}
{'node_id': 3231, 'site_id': 131, 'hostname': 'planetlab2.bgu.ac.il'}
{'node_id': 13881, 'site_id': 11596, 'hostname': 'planetlab1.csg.uzh.ch'}
{'node_id': 13342, 'site_id': 10286, 'hostname': 'planetlab4.n.info.eng.osaka-cu.ac.jp'}
{'node_id': 13167, 'site_id': 11394, 'hostname': 'planetlab1.c3sl.ufpr.br'}
{'node_id': 11489, 'site_id': 10267, 'hostname': 'pl2.planet.cs.kent.edu'}
{'node_id': 11488, 'site_id': 10267, 'hostname': 'pl1.planet.cs.kent.edu'}
{'node_id': 13623, 'site_id': 11489, 'hostname': 'planetlab1.ecs.vuw.ac.nz'}
{'node_id': 13851, 'site_id': 109, 'hostname': 'planetlab4.tamu.edu'}
{'node_id': 11059, 'site_id': 10243, 'hostname': 'planetlab4.williams.edu'}
{'node_id': 14273, 'site_id': 11415, 'hostname': 'planetlab2.unr.edu'}
{'node_id': 13158, 'site_id': 11387, 'hostname': 'planet-lab2.itba.edu.ar'}
{'node_id': 225, 'site_id': 109, 'hostname': 'planetlab2.tamu.edu'}
{'node_id': 14129, 'site_id': 11664, 'hostname': 'planetlab-js1.cert.org.cn'}
{'node_id': 13538, 'site_id': 10107, 'hostname': 'planetlab6.csee.usf.edu'}
{'node_id': 201, 'site_id': 92, 'hostname': 'planetlab1.pop-mg.rnp.br'}
{'node_id': 330, 'site_id': 118, 'hostname': 'csplanetlab4.kaist.ac.kr'}
{'node_id': 86, 'site_id': 18, 'hostname': 'planetlab2.postel.org'}
{'node_id': 36, 'site_id': 14, 'hostname': 'planetlab03.cs.washington.edu'} -- Worked - Not working now
{'node_id': 11076, 'site_id': 7, 'hostname': 'planetlab2.arizona-gigapop.net'}
{'node_id': 14119, 'site_id': 11533, 'hostname': 'planetlab1.diku.dk'}
{'node_id': 13393, 'site_id': 11360, 'hostname': 'onelab-1.fhi-fokus.de'}
{'node_id': 13778, 'site_id': 135, 'hostname': 'recall.snu.ac.kr'}
{'node_id': 13489, 'site_id': 11425, 'hostname': 'ebb.colgate.edu'}
{'node_id': 13928, 'site_id': 11453, 'hostname': 'planetlab2.ustc.edu.cn'}
{'node_id': 13786, 'site_id': 11541, 'hostname': 'planetlab1.tsuniv.edu'}
{'node_id': 160, 'site_id': 77, 'hostname': 'planetlab2.cs.purdue.edu'}
{'node_id': 35, 'site_id': 14, 'hostname': 'planetlab02.cs.washington.edu'}
{'node_id': 14, 'site_id': 36, 'hostname': 'planetlab1.cs.ubc.ca'}
{'node_id': 10910, 'site_id': 217, 'hostname': 'jupiter.cs.brown.edu'}
{'node_id': 10726, 'site_id': 10195, 'hostname': 'planetlab2.citadel.edu'}
{'node_id': 13428, 'site_id': 120, 'hostname': 'planetlab4.cs.uoregon.edu'}
{'node_id': 13627, 'site_id': 11472, 'hostname': 'plnode-03.gpolab.bbn.com'}
{'node_id': 13405, 'site_id': 11416, 'hostname': 'planetlab1.csuohio.edu'}
{'node_id': 10841, 'site_id': 10148, 'hostname': 'planetlab1.eecs.ucf.edu'}
{'node_id': 107, 'site_id': 58, 'hostname': 'planetlab2.cs.uiuc.edu'}
{'node_id': 13966, 'site_id': 11418, 'hostname': 'planetlab2.hust.edu.cn'}
{'node_id': 11511, 'site_id': 79, 'hostname': 'pli1-pa-6.hpl.hp.com'}
{'node_id': 13150, 'site_id': 11389, 'hostname': 'planetlab-2.calpoly-netlab.net'}
{'node_id': 14121, 'site_id': 11623, 'hostname': 'planetlab1.temple.edu'}
{'node_id': 13739, 'site_id': 11510, 'hostname': 'planetlab2.aut.ac.nz'}
{'node_id': 14625, 'site_id': 11664, 'hostname': 'planetlab-js2.cert.org.cn'}
{'node_id': 13413, 'site_id': 11425, 'hostname': 'flow.colgate.edu'}
{'node_id': 10093, 'site_id': 114, 'hostname': 'planetlab1.mnlab.cti.depaul.edu'}
{'node_id': 13645, 'site_id': 11495, 'hostname': 'planetlab-n1.wand.net.nz'}
{'node_id': 14039, 'site_id': 11522, 'hostname': 'planetlab2.cti.espol.edu.ec'}
{'node_id': 11, 'site_id': 34, 'hostname': 'pl1.eecs.utk.edu'}
{'node_id': 10911, 'site_id': 217, 'hostname': 'pluto.cs.brown.edu'}
{'node_id': 14076, 'site_id': 89, 'hostname': 'plab3.cs.msu.ru'}
{'node_id': 14450, 'site_id': 113, 'hostname': 'planetlab1.koganei.itrc.net'}
{'node_id': 13293, 'site_id': 13, 'hostname': 'planetlab-01.cs.princeton.edu'}
{'node_id': 10859, 'site_id': 10243, 'hostname': 'planetlab2.williams.edu'}
{'node_id': 13583, 'site_id': 11433, 'hostname': 'pl2.pku.edu.cn'}
{'node_id': 8262, 'site_id': 220, 'hostname': 'plnode02.cs.mu.oz.au'}
{'node_id': 13504, 'site_id': 10206, 'hostname': 'pl2snu.koren.kr'}
{'node_id': 13587, 'site_id': 11461, 'hostname': 'pnode1.pdcc-ntu.singaren.net.sg'}
{'node_id': 14511, 'site_id': 116, 'hostname': 'pli1-pa-1.hpl.hp.com'}
{'node_id': 10905, 'site_id': 189, 'hostname': 'planetlab2.comp.nus.edu.sg'}
{'node_id': 10803, 'site_id': 63, 'hostname': 'planetlab-01.bu.edu'}
{'node_id': 10023, 'site_id': 229, 'hostname': 'planetlab2.pop-rj.rnp.br'}
{'node_id': 13491, 'site_id': 11462, 'hostname': 'planetlab-1.ing.unimo.it'}
{'node_id': 13558, 'site_id': 11430, 'hostname': 'ple2.dmcs.p.lodz.pl'}
{'node_id': 13616, 'site_id': 11485, 'hostname': 'planetlab1.rd.tut.fi'}
{'node_id': 13617, 'site_id': 11485, 'hostname': 'planetlab2.rd.tut.fi'}
{'node_id': 13843, 'site_id': 11579, 'hostname': 'planetlab1.urv.cat'}
{'node_id': 13865, 'site_id': 11574, 'hostname': 'planetlab1.ci.pwr.wroc.pl'}
{'node_id': 13368, 'site_id': 11413, 'hostname': 'iason.inf.uth.gr'}
{'node_id': 10222, 'site_id': 10074, 'hostname': 'planetlab-2.ssvl.kth.se'}
{'node_id': 151, 'site_id': 61, 'hostname': 'planetlab2.iis.sinica.edu.tw'}
{'node_id': 13211, 'site_id': 11397, 'hostname': 'roam1.cs.ou.edu'}
{'node_id': 13934, 'site_id': 11608, 'hostname': 'stella.planetlab.ntua.gr'}
{'node_id': 13940, 'site_id': 11509, 'hostname': 'planetlab-2.research.netlab.hut.fi'}
{'node_id': 13056, 'site_id': 11358, 'hostname': 'planetlab1.pjwstk.edu.pl'}
{'node_id': 13953, 'site_id': 11591, 'hostname': 'planetlab3.cs.st-andrews.ac.uk'}
{'node_id': 13059, 'site_id': 11363, 'hostname': 'planet1.cs.huji.ac.il'}
{'node_id': 13532, 'site_id': 11372, 'hostname': 'onelab6.iet.unipi.it'}
{'node_id': 13551, 'site_id': 11456, 'hostname': 'planetlab1.cs.aueb.gr'}
{'node_id': 13552, 'site_id': 11456, 'hostname': 'planetlab2.cs.aueb.gr'}
{'node_id': 10157, 'site_id': 10059, 'hostname': 'planetlab1.engr.uconn.edu'}
{'node_id': 13653, 'site_id': 11500, 'hostname': 'planet-lab-node1.netgroup.uniroma2.it'}
{'node_id': 13657, 'site_id': 11493, 'hostname': 'planetlab02.tkn.tu-berlin.de'}
{'node_id': 13681, 'site_id': 11505, 'hostname': 'planetlab-um00.di.uminho.pt'}
{'node_id': 13730, 'site_id': 11351, 'hostname': 'planetlab1.uc3m.es'}
{'node_id': 13867, 'site_id': 11556, 'hostname': 'planetlab1.fct.ualg.pt'}
{'node_id': 13883, 'site_id': 11597, 'hostname': 'planetlab2.cs.uit.no'}
{'node_id': 13918, 'site_id': 11539, 'hostname': 'planetlab1.dit.upm.es'}
{'node_id': 13920, 'site_id': 11595, 'hostname': 'iraplab2.iralab.uni-karlsruhe.de'}
{'node_id': 13941, 'site_id': 11562, 'hostname': 'planetlab2.informatik.uni-goettingen.de'}
{'node_id': 13991, 'site_id': 11570, 'hostname': 'planetlab02.cs.tcd.ie'}
{'node_id': 13222, 'site_id': 11422, 'hostname': 'planet2.servers.ua.pt'}
{'node_id': 14065, 'site_id': 11641, 'hostname': 'planetlab1.u-strasbg.fr'}
{'node_id': 14066, 'site_id': 11641, 'hostname': 'planetlab2.u-strasbg.fr'}
{'node_id': 13380, 'site_id': 11375, 'hostname': 'planetlab2.tau.ac.il'}
{'node_id': 13080, 'site_id': 11361, 'hostname': 'planetlab2.science.unitn.it'}
{'node_id': 13334, 'site_id': 10326, 'hostname': 'pl1.rcc.uottawa.ca'}
{'node_id': 13095, 'site_id': 11350, 'hostname': 'planetlab2lannion.elibel.tm.fr'}
{'node_id': 14137, 'site_id': 11566, 'hostname': 'planetlab-1.cs.ucy.ac.cy'}
{'node_id': 14153, 'site_id': 11669, 'hostname': 'planetlab-12.e5.ijs.si'}
{'node_id': 14212, 'site_id': 11349, 'hostname': 'onelab4.warsaw.rd.tp.pl'}
{'node_id': 14229, 'site_id': 11679, 'hostname': 'pandora.we.po.opole.pl'}
{'node_id': 14230, 'site_id': 11679, 'hostname': 'prometeusz.we.po.opole.pl'}
{'node_id': 14416, 'site_id': 11737, 'hostname': 'empusa.ipv6.lip6.fr'}
{'node_id': 14670, 'site_id': 11431, 'hostname': 'plato.di.uoa.gr'}
{'node_id': 14675, 'site_id': 11814, 'hostname': 'icnalplabs1.epfl.ch'}
{'node_id': 14676, 'site_id': 11814, 'hostname': 'icnalplabs2.epfl.ch'}
{'node_id': 14681, 'site_id': 11647, 'hostname': 'plan1.project.cwi.nl'}
{'node_id': 14682, 'site_id': 11598, 'hostname': 'host2.planetlab.informatik.tu-darmstadt.de'}
{'node_id': 10464, 'site_id': 10134, 'hostname': 'server1.planetlab.iit-tech.net'}
{'node_id': 13625, 'site_id': 22, 'hostname': 'planet5.cs.ucsb.edu'}
{'node_id': 13292, 'site_id': 11420, 'hostname': 'planet2.unipr.it'}
{'node_id': 14421, 'site_id': 11737, 'hostname': 'ple5.ipv6.lip6.fr'}
{'node_id': 13311, 'site_id': 11381, 'hostname': 'planetlab-node3.it-sudparis.eu'}
{'node_id': 13341, 'site_id': 11407, 'hostname': 'planck227ple.test.ibbt.be'}
{'node_id': 13348, 'site_id': 11392, 'hostname': 'plab1.ple.silweb.pl'}
{'node_id': 13359, 'site_id': 11391, 'hostname': 'planetlab2.di.fct.unl.pt'}
{'node_id': 14150, 'site_id': 11651, 'hostname': 'planet01.hhi.fraunhofer.de'}
{'node_id': 14216, 'site_id': 11649, 'hostname': 'pl001.ece.upatras.gr'}
{'node_id': 14417, 'site_id': 11737, 'hostname': 'ampelos.ipv6.lip6.fr'}
{'node_id': 14418, 'site_id': 11737, 'hostname': 'sybaris.ipv6.lip6.fr'}
{'node_id': 13668, 'site_id': 78, 'hostname': 'planetlab4.rutgers.edu'}
{'node_id': 14155, 'site_id': 33, 'hostname': 'planetlab3.cs.cornell.edu'}
{'node_id': 13757, 'site_id': 11519, 'hostname': 'planetlab-2.sysu.edu.cn'}
{'node_id': 14156, 'site_id': 33, 'hostname': 'planetlab4.cs.cornell.edu'}
{'node_id': 13523, 'site_id': 11443, 'hostname': 'planetlab2.cyfronet.pl'}
{'node_id': 13971, 'site_id': 11619, 'hostname': 'planetlab03.cnds.unibe.ch'}
{'node_id': 13977, 'site_id': 11560, 'hostname': 'planetlab1.tmit.bme.hu'}
{'node_id': 11039, 'site_id': 29, 'hostname': 'planetlab5.csres.utexas.edu'}
{'node_id': 13978, 'site_id': 11499, 'hostname': 'planetlab-1.man.poznan.pl'}
{'node_id': 13995, 'site_id': 11543, 'hostname': 'planetlab2.mta.ac.il'}
{'node_id': 13092, 'site_id': 11360, 'hostname': 'planetlab-1.fhi-fokus.de'}
{'node_id': 14131, 'site_id': 11566, 'hostname': 'planetlab-4.cs.ucy.ac.cy'}
{'node_id': 14132, 'site_id': 11564, 'hostname': 'planetlab-3.iscte.pt'}
{'node_id': 14425, 'site_id': 11737, 'hostname': 'anateus.ipv6.lip6.fr'}
{'node_id': 14440, 'site_id': 11367, 'hostname': 'pl2.tailab.eu'}
{'node_id': 14526, 'site_id': 11599, 'hostname': 'planetlab3.net.in.tum.de'}
{'node_id': 14627, 'site_id': 11598, 'hostname': 'host3.planetlab.informatik.tu-darmstadt.de'}
{'node_id': 13291, 'site_id': 11420, 'hostname': 'planet1.unipr.it'}
{'node_id': 13566, 'site_id': 26, 'hostname': 'ricepl-5.cs.rice.edu'}
{'node_id': 14700, 'site_id': 11556, 'hostname': 'planetlab3.fct.ualg.pt'}
{'node_id': 13288, 'site_id': 11419, 'hostname': 'pierre.iet.unipi.it'}
{'node_id': 11075, 'site_id': 30, 'hostname': 'planetlab7.flux.utah.edu'}
{'node_id': 14267, 'site_id': 11691, 'hostname': 'planetlab1.virtues.fi'}
{'node_id': 14268, 'site_id': 11691, 'hostname': 'planetlab2.virtues.fi'}
{'node_id': 13169, 'site_id': 11395, 'hostname': 'planetlab1.cs.otago.ac.nz'}
{'node_id': 13498, 'site_id': 11433, 'hostname': 'pl1.pku.edu.cn'}
{'node_id': 13412, 'site_id': 11388, 'hostname': 'plab1.create-net.org'}
{'node_id': 10713, 'site_id': 30, 'hostname': 'planetlab5.flux.utah.edu'}
{'node_id': 14701, 'site_id': 11556, 'hostname': 'planetlab4.fct.ualg.pt'}
{'node_id': 11101, 'site_id': 10141, 'hostname': 'plab4.eece.ksu.edu'}
{'node_id': 14269, 'site_id': 11695, 'hostname': 'planetlab1.um.es'}
{'node_id': 14270, 'site_id': 11695, 'hostname': 'planetlab2.um.es'}
{'node_id': 13747, 'site_id': 11527, 'hostname': 'pl2.cs.yale.edu'}
{'node_id': 14122, 'site_id': 11623, 'hostname': 'planetlab2.temple.edu'}
{'node_id': 13908, 'site_id': 11548, 'hostname': 'planetlab2.aston.ac.uk'}
{'node_id': 13079, 'site_id': 11361, 'hostname': 'planetlab1.science.unitn.it'}
{'node_id': 13963, 'site_id': 11499, 'hostname': 'planetlab-2.man.poznan.pl'}
{'node_id': 13878, 'site_id': 11580, 'hostname': 'planetlab-2.imperial.ac.uk'}
{'node_id': 13104, 'site_id': 11346, 'hostname': 'onelab3.warsaw.rd.tp.pl'}
{'node_id': 13882, 'site_id': 11597, 'hostname': 'planetlab1.cs.uit.no'}
{'node_id': 10904, 'site_id': 189, 'hostname': 'planetlab1.comp.nus.edu.sg'}
{'node_id': 11383, 'site_id': 22, 'hostname': 'planet4.cs.ucsb.edu'}
{'node_id': 13193, 'site_id': 11375, 'hostname': 'planetlab1.tau.ac.il'}
{'node_id': 14249, 'site_id': 11686, 'hostname': 'planetlab-tea.ait.ie'}
{'node_id': 13802, 'site_id': 11473, 'hostname': 'planetlab-3.dis.uniroma1.it'}
{'node_id': 14277, 'site_id': 215, 'hostname': 'pl2.yonsei.ac.kr'}
{'node_id': 11510, 'site_id': 10150, 'hostname': 'planetlab2.uta.edu'}
{'node_id': 14064, 'site_id': 11648, 'hostname': 'planetlab2.wiwi.hu-berlin.de'}
{'node_id': 14069, 'site_id': 11414, 'hostname': 'pl1.bell-labs.fr'}
{'node_id': 14070, 'site_id': 11414, 'hostname': 'pl2.bell-labs.fr'}
{'node_id': 13831, 'site_id': 11552, 'hostname': 'planetlab-1.tagus.ist.utl.pt'}
{'node_id': 13122, 'site_id': 11371, 'hostname': 'node1pl.planet-lab.telecom-lille1.eu'}
{'node_id': 13721, 'site_id': 11364, 'hostname': 'itchy.comlab.bth.se'}
{'node_id': 13722, 'site_id': 11364, 'hostname': 'scratchy.comlab.bth.se'}
{'node_id': 13769, 'site_id': 11508, 'hostname': 'planetlab2.xeno.cl.cam.ac.uk'}
{'node_id': 10783, 'site_id': 10211, 'hostname': 'mercury.silicon-valley.ru'}
{'node_id': 13748, 'site_id': 11527, 'hostname': 'pl1.cs.yale.edu'}
{'node_id': 10254, 'site_id': 10064, 'hostname': 'plgmu2.ite.gmu.edu'}
{'node_id': 3241, 'site_id': 132, 'hostname': 'planetlab1.ntu.nodes.planet-lab.org'}
{'node_id': 13422, 'site_id': 11450, 'hostname': 'metis.mcs.suffolk.edu'}
{'node_id': 3216, 'site_id': 24, 'hostname': 'planetlab5.millennium.berkeley.edu'}
{'node_id': 19, 'site_id': 38, 'hostname': 'planetlab1.cs.umass.edu'}
{'node_id': 14285, 'site_id': 11551, 'hostname': 'planetvs1.informatik.uni-stuttgart.de'}
{'node_id': 10422, 'site_id': 10118, 'hostname': 'pl2-higashi.ics.es.osaka-u.ac.jp'}
{'node_id': 13684, 'site_id': 11487, 'hostname': 'ttu2-1.nodes.planet-lab.org'}
{'node_id': 10330, 'site_id': 10097, 'hostname': 'planetlab2.byu.edu'}
{'node_id': 13090, 'site_id': 11356, 'hostname': 'host3-plb.loria.fr'}
{'node_id': 13349, 'site_id': 11392, 'hostname': 'plab2.ple.silweb.pl'}
{'node_id': 13897, 'site_id': 11569, 'hostname': 'planetlab1.eurecom.fr'}
{'node_id': 13604, 'site_id': 11491, 'hostname': 'planetlab2.informatik.uni-wuerzburg.de'}
{'node_id': 13097, 'site_id': 11362, 'hostname': 'planetlab02.ethz.ch'}
{'node_id': 13662, 'site_id': 11501, 'hostname': 'inriarennes1.irisa.fr'}
{'node_id': 13419, 'site_id': 11388, 'hostname': 'plab2.create-net.org'}
{'node_id': 14057, 'site_id': 11646, 'hostname': 'planetlab1.research.nicta.com.au'}
{'node_id': 13081, 'site_id': 11356, 'hostname': 'host4-plb.loria.fr'}
{'node_id': 13770, 'site_id': 11508, 'hostname': 'planetlab3.xeno.cl.cam.ac.uk'}
{'node_id': 13797, 'site_id': 11553, 'hostname': 'planet2.zib.de'}
{'node_id': 13337, 'site_id': 11407, 'hostname': 'planck228ple.test.ibbt.be'}
{'node_id': 13159, 'site_id': 11366, 'hostname': 'ops.ii.uam.es'}
{'node_id': 14294, 'site_id': 11398, 'hostname': 'ks.measurementlab.net'}
{'node_id': 14293, 'site_id': 11605, 'hostname': 'planetlab1.nrl.eecs.qmul.ac.uk'}
{'node_id': 14295, 'site_id': 11605, 'hostname': 'planetlab2.nrl.eecs.qmul.ac.uk'}
{'node_id': 10154, 'site_id': 44, 'hostname': 'planetlab1.ie.cuhk.edu.hk'}
{'node_id': 14298, 'site_id': 11703, 'hostname': 'planetlab-2.infotech.monash.edu.my'}
{'node_id': 14297, 'site_id': 11703, 'hostname': 'planetlab-1.infotech.monash.edu.my'}
{'node_id': 185, 'site_id': 87, 'hostname': 'planetlab1.cse.nd.edu'}
{'node_id': 13915, 'site_id': 11568, 'hostname': 'planetlab-2.di.fc.ul.pt'}
{'node_id': 360, 'site_id': 23, 'hostname': 'planetlab6.csail.mit.edu'}
{'node_id': 10757, 'site_id': 10215, 'hostname': 'planetlab1-saopaulo.lan.redclara.net'}
{'node_id': 11044, 'site_id': 10281, 'hostname': 'netapp7.cs.kookmin.ac.kr'}
{'node_id': 11068, 'site_id': 10136, 'hostname': 'plab1.larc.usp.br'}
{'node_id': 11373, 'site_id': 10208, 'hostname': 'planetlab-02.vt.nodes.planet-lab.org'}
{'node_id': 8214, 'site_id': 191, 'hostname': 'plab2.cs.ust.hk'}
{'node_id': 10842, 'site_id': 10148, 'hostname': 'planetlab2.eecs.ucf.edu'}
{'node_id': 14357, 'site_id': 11359, 'hostname': 'planetlabpc0.upf.edu'}
{'node_id': 11106, 'site_id': 10141, 'hostname': 'plab3.eece.ksu.edu'}
{'node_id': 10764, 'site_id': 10217, 'hostname': 'planetlab2-tijuana.lan.redclara.net'}
{'node_id': 3224, 'site_id': 24, 'hostname': 'planetlab9.millennium.berkeley.edu'}
{'node_id': 10860, 'site_id': 10243, 'hostname': 'planetlab3.williams.edu'}
{'node_id': 13114, 'site_id': 11383, 'hostname': 'planet2.elte.hu'}
{'node_id': 10755, 'site_id': 10214, 'hostname': 'planetlab1-santiago.lan.redclara.net'}
{'node_id': 13168, 'site_id': 11394, 'hostname': 'planetlab2.c3sl.ufpr.br'}
{'node_id': 10165, 'site_id': 10050, 'hostname': 'planetlab-4.ece.iastate.edu'}
{'node_id': 11487, 'site_id': 81, 'hostname': 'planetlab4.cnds.jhu.edu'}
{'node_id': 14222, 'site_id': 10098, 'hostname': 'planet-plc-4.mpi-sws.org'}
{'node_id': 150, 'site_id': 61, 'hostname': 'planetlab1.iis.sinica.edu.tw'}
{'node_id': 13683, 'site_id': 11487, 'hostname': 'ttu1-1.nodes.planet-lab.org'}
{'node_id': 13216, 'site_id': 11412, 'hostname': 'planetlab1.thlab.net'}
{'node_id': 14023, 'site_id': 11567, 'hostname': 'ait21.us.es'}
{'node_id': 13555, 'site_id': 11455, 'hostname': 'planetlab1.montefiore.ulg.ac.be'}
{'node_id': 13682, 'site_id': 11505, 'hostname': 'planetlab-um10.di.uminho.pt'}
{'node_id': 13078, 'site_id': 11368, 'hostname': 'planetlab1.s3.kth.se'}
{'node_id': 10267, 'site_id': 10085, 'hostname': 'planetlab-1.cs.colostate.edu'}
{'node_id': 11105, 'site_id': 18, 'hostname': 'planetlab4.postel.org'}
{'node_id': 202, 'site_id': 92, 'hostname': 'planetlab2.pop-mg.rnp.br'}
{'node_id': 13677, 'site_id': 157, 'hostname': 'planetlab1.jhu.edu'}
{'node_id': 8161, 'site_id': 175, 'hostname': 'planetlab1.ewi.tudelft.nl'}
{'node_id': 10712, 'site_id': 30, 'hostname': 'planetlab4.flux.utah.edu'}
{'node_id': 10326, 'site_id': 10067, 'hostname': 'planetlab01.uncc.edu'}
{'node_id': 13507, 'site_id': 10208, 'hostname': 'planetlab-03.vt.nodes.planet-lab.org'}
{'node_id': 11069, 'site_id': 10136, 'hostname': 'plab2.larc.usp.br'}
{'node_id': 10329, 'site_id': 10097, 'hostname': 'planetlab1.byu.edu'}
{'node_id': 13410, 'site_id': 11445, 'hostname': 'planetlab-2.cs.uic.edu'}
{'node_id': 3225, 'site_id': 24, 'hostname': 'planetlab8.millennium.berkeley.edu'}
{'node_id': 13125, 'site_id': 10256, 'hostname': 'mtuplanetlab2.cs.mtu.edu'}
{'node_id': 10195, 'site_id': 10064, 'hostname': 'plgmu1.ite.gmu.edu'}
{'node_id': 13913, 'site_id': 11380, 'hostname': 'uoepl2.essex.ac.uk'}
{'node_id': 13987, 'site_id': 11615, 'hostname': 'pl1.uni-rostock.de'}
{'node_id': 13785, 'site_id': 11549, 'hostname': 'merkur.planetlab.haw-hamburg.de'}
{'node_id': 14397, 'site_id': 205, 'hostname': 'planetlab1.dtc.umn.edu'}
{'node_id': 3217, 'site_id': 24, 'hostname': 'planetlab13.millennium.berkeley.edu'}
{'node_id': 14398, 'site_id': 11721, 'hostname': 'planetlab1.ru.is'}
{'node_id': 14399, 'site_id': 11721, 'hostname': 'planetlab2.ru.is'}
{'node_id': 8207, 'site_id': 191, 'hostname': 'plab1.cs.ust.hk'}
{'node_id': 14401, 'site_id': 11726, 'hostname': 'planetlab1.imp.fu-berlin.de'}
{'node_id': 14414, 'site_id': 11726, 'hostname': 'planetlab2.imp.fu-berlin.de'}
{'node_id': 8185, 'site_id': 114, 'hostname': 'planetlab2.mnlab.cti.depaul.edu'}
{'node_id': 14419, 'site_id': 11737, 'hostname': 'plewifi.ipv6.lip6.fr'}
{'node_id': 14420, 'site_id': 11737, 'hostname': 'ple6.ipv6.lip6.fr'}
{'node_id': 14422, 'site_id': 11737, 'hostname': 'ple2.ipv6.lip6.fr'}
{'node_id': 14423, 'site_id': 11737, 'hostname': 'ple3.ipv6.lip6.fr'}
{'node_id': 14424, 'site_id': 11737, 'hostname': 'ple4.ipv6.lip6.fr'}
{'node_id': 14169, 'site_id': 11672, 'hostname': 'pl1.cs.montana.edu'}
{'node_id': 8227, 'site_id': 204, 'hostname': 'planetlab1.poly.edu'}
{'node_id': 13529, 'site_id': 10107, 'hostname': 'planetlab5.csee.usf.edu'}
{'node_id': 13508, 'site_id': 10208, 'hostname': 'planetlab-04.vt.nodes.planet-lab.org'}
{'node_id': 10918, 'site_id': 10006, 'hostname': 'planetlabone.ccs.neu.edu'}
{'node_id': 13231, 'site_id': 48, 'hostname': 'osiris.planetlab.cs.umd.edu'}
{'node_id': 13667, 'site_id': 78, 'hostname': 'planetlab3.rutgers.edu'}
{'node_id': 10999, 'site_id': 10291, 'hostname': 'planet1.ku.edu.tr'}
{'node_id': 8321, 'site_id': 230, 'hostname': 'planetlab2.pop-rs.rnp.br'}
{'node_id': 34, 'site_id': 14, 'hostname': 'planetlab01.cs.washington.edu'} -- Works
{'node_id': 13205, 'site_id': 11410, 'hostname': 'node2.planetlab.albany.edu'}
{'node_id': 3215, 'site_id': 24, 'hostname': 'planetlab12.millennium.berkeley.edu'}
{'node_id': 13165, 'site_id': 11393, 'hostname': 'plink.cs.uwaterloo.ca'}
{'node_id': 10163, 'site_id': 10050, 'hostname': 'planetlab-3.ece.iastate.edu'}
{'node_id': 10447, 'site_id': 10127, 'hostname': 'planet1.jaist.ac.jp'}
{'node_id': 13761, 'site_id': 11526, 'hostname': 'pl2.cis.uab.edu'}
{'node_id': 13145, 'site_id': 11390, 'hostname': 'nis-planet1.doshisha.ac.jp'}
{'node_id': 13296, 'site_id': 13, 'hostname': 'planetlab-04.cs.princeton.edu'}
{'node_id': 10353, 'site_id': 10059, 'hostname': 'planetlab2.engr.uconn.edu'}
{'node_id': 3222, 'site_id': 24, 'hostname': 'planetlab10.millennium.berkeley.edu'}
{'node_id': 13958, 'site_id': 11515, 'hostname': 'planetlab4.bupt.edu.cn'}
{'node_id': 363, 'site_id': 23, 'hostname': 'planetlab4.csail.mit.edu'}
{'node_id': 11097, 'site_id': 10134, 'hostname': 'server4.planetlab.iit-tech.net'}
{'node_id': 14171, 'site_id': 11645, 'hostname': 'planetlab-1.ida.liu.se'}
{'node_id': 14172, 'site_id': 11645, 'hostname': 'planetlab-2.ida.liu.se'}
{'node_id': 14174, 'site_id': 11349, 'hostname': 'planetlab2.mini.pw.edu.pl'}
{'node_id': 13204, 'site_id': 11410, 'hostname': 'node1.planetlab.albany.edu'}
{'node_id': 14276, 'site_id': 215, 'hostname': 'pl1.yonsei.ac.kr'}
{'node_id': 10944, 'site_id': 10256, 'hostname': 'mtuplanetlab1.cs.mtu.edu'}
{'node_id': 8320, 'site_id': 230, 'hostname': 'planetlab1.pop-rs.rnp.br'}
{'node_id': 13319, 'site_id': 11434, 'hostname': 'planetlab-1.cs.auckland.ac.nz'}
{'node_id': 8290, 'site_id': 79, 'hostname': 'pli1-pa-5.hpl.hp.com'}
{'node_id': 10524, 'site_id': 10151, 'hostname': 'planetlab1.cesnet.cz'}
{'node_id': 10525, 'site_id': 14, 'hostname': 'planetlab04.cs.washington.edu'}
{'node_id': 14386, 'site_id': 66, 'hostname': 'cs743.cs.nthu.edu.tw'}
{'node_id': 14387, 'site_id': 66, 'hostname': 'cs744.cs.nthu.edu.tw'}
{'node_id': 67, 'site_id': 33, 'hostname': 'planetlab1.cs.cornell.edu'}
{'node_id': 10595, 'site_id': 10159, 'hostname': 'planetlab0.otemachi.wide.ad.jp'}
{'node_id': 13942, 'site_id': 11542, 'hostname': 'pl01.comp.polyu.edu.hk'}
{'node_id': 14100, 'site_id': 11660, 'hostname': 'planetlab1.cs.okstate.edu'}
{'node_id': 14078, 'site_id': 11644, 'hostname': 'planetlab2.iitkgp.ac.in'}
{'node_id': 362, 'site_id': 23, 'hostname': 'planetlab7.csail.mit.edu'}
{'node_id': 224, 'site_id': 109, 'hostname': 'planetlab1.tamu.edu'}
{'node_id': 11490, 'site_id': 10267, 'hostname': 'pl3.planet.cs.kent.edu'}
{'node_id': 11004, 'site_id': 10285, 'hostname': 'planetlab1.csie.nuk.edu.tw'}
{'node_id': 10428, 'site_id': 10116, 'hostname': 'planetlab-01.ece.uprm.edu'}
{'node_id': 10591, 'site_id': 90, 'hostname': 'planet4.cc.gt.atl.ga.us'}
{'node_id': 10884, 'site_id': 10248, 'hostname': 'planetlab02.sys.virginia.edu'}
{'node_id': 10126, 'site_id': 10050, 'hostname': 'planetlab-2.ece.iastate.edu'}
{'node_id': 14219, 'site_id': 10098, 'hostname': 'planet-plc-1.mpi-sws.org'}
{'node_id': 8162, 'site_id': 175, 'hostname': 'planetlab2.ewi.tudelft.nl'}
{'node_id': 94, 'site_id': 16, 'hostname': 'planetlab1.cs.columbia.edu'}
{'node_id': 10648, 'site_id': 33, 'hostname': 'planetlab5.cs.cornell.edu'}
{'node_id': 10919, 'site_id': 10006, 'hostname': 'planetlabtwo.ccs.neu.edu'}
{'node_id': 10600, 'site_id': 10158, 'hostname': 'planetlab2.singaren.net.sg'}
{'node_id': 3223, 'site_id': 24, 'hostname': 'planetlab11.millennium.berkeley.edu'}
{'node_id': 10608, 'site_id': 10163, 'hostname': 'planetlab-01.kusa.ac.jp'}
{'node_id': 13626, 'site_id': 22, 'hostname': 'planet6.cs.ucsb.edu'}
{'node_id': 14077, 'site_id': 11644, 'hostname': 'planetlab1.iitkgp.ac.in'}
{'node_id': 13550, 'site_id': 11480, 'hostname': 'planetlab-1.pdl.nudt.edu.cn'}
{'node_id': 11000, 'site_id': 10291, 'hostname': 'planet2.ku.edu.tr'}
{'node_id': 96, 'site_id': 16, 'hostname': 'planetlab3.cs.columbia.edu'}
{'node_id': 13756, 'site_id': 11519, 'hostname': 'planetlab-1.sysu.edu.cn'}
{'node_id': 13409, 'site_id': 11445, 'hostname': 'planetlab-1.cs.uic.edu'}
{'node_id': 95, 'site_id': 16, 'hostname': 'planetlab2.cs.columbia.edu'}
{'node_id': 13232, 'site_id': 48, 'hostname': 'whitefall.planetlab.cs.umd.edu'}
{'node_id': 10176, 'site_id': 10066, 'hostname': 'planetlab2.cs.pitt.edu'}
{'node_id': 10736, 'site_id': 10205, 'hostname': 'planetlab3.inf.ethz.ch'}
{'node_id': 10485, 'site_id': 10138, 'hostname': 'planetlab2.eecs.wsu.edu'}
{'node_id': 11043, 'site_id': 10281, 'hostname': 'netapp6.cs.kookmin.ac.kr'}
{'node_id': 11015, 'site_id': 10100, 'hostname': 'pl2.ucs.indiana.edu'}
{'node_id': 13549, 'site_id': 11480, 'hostname': 'planetlab-2.pdl.nudt.edu.cn'}
{'node_id': 10406, 'site_id': 195, 'hostname': 'planetlab2.netmedia.gist.ac.kr'}
{'node_id': 92, 'site_id': 19, 'hostname': 'kupl1.ittc.ku.edu'}
{'node_id': 8182, 'site_id': 24, 'hostname': 'planetlab1.millennium.berkeley.edu'}
{'node_id': 10649, 'site_id': 33, 'hostname': 'planetlab6.cs.cornell.edu'}
{'node_id': 14045, 'site_id': 11542, 'hostname': 'pl02.comp.polyu.edu.hk'}
{'node_id': 8183, 'site_id': 24, 'hostname': 'planetlab2.millennium.berkeley.edu'}
{'node_id': 13149, 'site_id': 11389, 'hostname': 'planetlab-1.calpoly-netlab.net'}
{'node_id': 11486, 'site_id': 81, 'hostname': 'planetlab3.cnds.jhu.edu'}
{'node_id': 10891, 'site_id': 188, 'hostname': 'pl2.planetlab.uvic.ca'}
{'node_id': 13464, 'site_id': 11459, 'hostname': 'planetlab1.just.edu.jo'}
{'node_id': 11065, 'site_id': 138, 'hostname': 'planetslug5.cse.ucsc.edu'}
{'node_id': 14389, 'site_id': 11632, 'hostname': 'lab1.asmdba.com'}
{'node_id': 13869, 'site_id': 11601, 'hostname': 'planetlab2.cs.vu.nl'}
{'node_id': 10279, 'site_id': 10089, 'hostname': 'planetlab2.eee.hku.hk'}
{'node_id': 13423, 'site_id': 11450, 'hostname': 'adrastea.mcs.suffolk.edu'}
{'node_id': 14220, 'site_id': 10098, 'hostname': 'planet-plc-2.mpi-sws.org'}
{'node_id': 13486, 'site_id': 137, 'hostname': 'planet11.csc.ncsu.edu'}
{'node_id': 11462, 'site_id': 20, 'hostname': 'vn4.cse.wustl.edu'}
{'node_id': 10096, 'site_id': 57, 'hostname': 'planetlab1.cs.unc.edu'}
{'node_id': 10784, 'site_id': 10211, 'hostname': 'venus.silicon-valley.ru'}
{'node_id': 10540, 'site_id': 195, 'hostname': 'planetlab3.netmedia.gist.ac.kr'}
{'node_id': 10276, 'site_id': 10089, 'hostname': 'planetlab1.eee.hku.hk'}
{'node_id': 14223, 'site_id': 10098, 'hostname': 'planet-plc-5.mpi-sws.org'}
{'node_id': 13286, 'site_id': 10185, 'hostname': 'planetlab5.goto.info.waseda.ac.jp'}
{'node_id': 11048, 'site_id': 56, 'hostname': 'planetlab3.eecs.northwestern.edu'}
{'node_id': 11074, 'site_id': 30, 'hostname': 'planetlab6.flux.utah.edu'}
{'node_id': 13678, 'site_id': 157, 'hostname': 'planetlab2.jhu.edu'}
{'node_id': 13946, 'site_id': 11622, 'hostname': 'saturn.planetlab.carleton.ca'}
{'node_id': 11077, 'site_id': 21, 'hostname': 'planetlab3.eecs.umich.edu'}
{'node_id': 13868, 'site_id': 11601, 'hostname': 'planetlab1.cs.vu.nl'}
{'node_id': 14175, 'site_id': 11640, 'hostname': 'dfn-ple1.x-win.dfn.de'}
{'node_id': 14176, 'site_id': 11346, 'hostname': 'onelab2.warsaw.rd.tp.pl'}
{'node_id': 10758, 'site_id': 10215, 'hostname': 'planetlab2-saopaulo.lan.redclara.net'}
{'node_id': 13888, 'site_id': 11585, 'hostname': 'planetlab2.sics.se'}
{'node_id': 13207, 'site_id': 11352, 'hostname': 'planet1.itc.auth.gr'}
{'node_id': 13208, 'site_id': 11352, 'hostname': 'planet2.itc.auth.gr'}
{'node_id': 13863, 'site_id': 11577, 'hostname': 'planetlab2.cs.uoi.gr'}
{'node_id': 13933, 'site_id': 11608, 'hostname': 'vicky.planetlab.ntua.gr'}
{'node_id': 14151, 'site_id': 11651, 'hostname': 'planet02.hhi.fraunhofer.de'}
{'node_id': 159, 'site_id': 77, 'hostname': 'planetlab1.cs.purdue.edu'}
{'node_id': 10596, 'site_id': 10159, 'hostname': 'planetlab1.otemachi.wide.ad.jp'}
{'node_id': 14180, 'site_id': 10268, 'hostname': 'plnodeb.plaust.edu.cn'}
{'node_id': 13859, 'site_id': 11583, 'hostname': 'planetlab1.unineuchatel.ch'}
{'node_id': 13556, 'site_id': 11455, 'hostname': 'planetlab2.montefiore.ulg.ac.be'}
{'node_id': 13856, 'site_id': 11558, 'hostname': 'planetlab1.fri.uni-lj.si'}
{'node_id': 13416, 'site_id': 11454, 'hostname': 'planetlab-1.webedu.ccu.edu.tw'}
{'node_id': 13811, 'site_id': 11555, 'hostname': 'planet2.inf.tu-dresden.de'}
{'node_id': 13661, 'site_id': 11496, 'hostname': 'planetlab-2.elisa.cpsc.ucalgary.ca'}
{'node_id': 13524, 'site_id': 10038, 'hostname': 'planetlab2.cs.colorado.edu'}
{'node_id': 13891, 'site_id': 11546, 'hostname': 'planetlab-node-01.ucd.ie'}
{'node_id': 13894, 'site_id': 11586, 'hostname': 'planetlab2.ics.forth.gr'}
{'node_id': 13906, 'site_id': 11584, 'hostname': 'planetlab2.exp-math.uni-essen.de'}
{'node_id': 13914, 'site_id': 11568, 'hostname': 'planetlab-1.di.fc.ul.pt'}
{'node_id': 13057, 'site_id': 11358, 'hostname': 'planetlab2.pjwstk.edu.pl'}
{'node_id': 14063, 'site_id': 11648, 'hostname': 'planetlab1.wiwi.hu-berlin.de'}
{'node_id': 13632, 'site_id': 11482, 'hostname': 'rochefort.infonet.fundp.ac.be'}
{'node_id': 14190, 'site_id': 11564, 'hostname': 'planetlab-4.iscte.pt'}
{'node_id': 13085, 'site_id': 11348, 'hostname': 'onelab1.info.ucl.ac.be'}
{'node_id': 13839, 'site_id': 11587, 'hostname': 'planetlab1.polito.it'}
{'node_id': 13112, 'site_id': 11354, 'hostname': 'gschembra4.diit.unict.it'}
{'node_id': 13994, 'site_id': 11543, 'hostname': 'planetlab1.mta.ac.il'}
{'node_id': 13840, 'site_id': 11552, 'hostname': 'planetlab-2.tagus.ist.utl.pt'}
{'node_id': 13355, 'site_id': 11411, 'hostname': 'ple1.ait.ac.th'}
{'node_id': 13959, 'site_id': 11515, 'hostname': 'planetlab3.bupt.edu.cn'}
{'node_id': 13369, 'site_id': 11413, 'hostname': 'medea.inf.uth.gr'}
{'node_id': 13086, 'site_id': 11348, 'hostname': 'onelab2.info.ucl.ac.be'}
{'node_id': 13619, 'site_id': 11459, 'hostname': 'planetlab02.just.edu.jo'}
{'node_id': 10756, 'site_id': 10214, 'hostname': 'planetlab2-santiago.lan.redclara.net'}
{'node_id': 78, 'site_id': 2, 'hostname': 'righthand.eecs.harvard.edu'}
{'node_id': 14179, 'site_id': 11643, 'hostname': 'planetlab01.alucloud.com'}
{'node_id': 10858, 'site_id': 10243, 'hostname': 'planetlab1.williams.edu'}
{'node_id': 13370, 'site_id': 11362, 'hostname': 'planetlab01.ethz.ch'}
{'node_id': 13844, 'site_id': 11577, 'hostname': 'planetlab1.cs.uoi.gr'}
{'node_id': 13545, 'site_id': 11478, 'hostname': 'pl1.sos.info.hiroshima-cu.ac.jp'}
{'node_id': 13264, 'site_id': 11408, 'hostname': 'dplanet2.uoc.edu'}
{'node_id': 13624, 'site_id': 11489, 'hostname': 'planetlab2.ecs.vuw.ac.nz'}
{'node_id': 10977, 'site_id': 24, 'hostname': 'planetlab16.millennium.berkeley.edu'}
{'node_id': 11042, 'site_id': 10107, 'hostname': 'planetlab4.csee.usf.edu'}
{'node_id': 13180, 'site_id': 59, 'hostname': 'planetlab2.cs.ucl.ac.uk'}
{'node_id': 14193, 'site_id': 11676, 'hostname': 'planetlab1.extern.kuleuven.be'}
{'node_id': 14194, 'site_id': 11676, 'hostname': 'planetlab2.extern.kuleuven.be'}
{'node_id': 10824, 'site_id': 10201, 'hostname': 'planetlab02.lums.edu.pk'}
{'node_id': 13615, 'site_id': 163, 'hostname': 'nodeb.howard.edu'}
{'node_id': 10699, 'site_id': 150, 'hostname': 'planetlab3.mini.pw.edu.pl'}
{'node_id': 10395, 'site_id': 10110, 'hostname': 'planetlab-1.cse.ohio-state.edu'}
{'node_id': 13493, 'site_id': 58, 'hostname': 'planetlab5.cs.uiuc.edu'}
{'node_id': 13483, 'site_id': 17, 'hostname': 'planetlab7.cs.duke.edu'}
{'node_id': 10506, 'site_id': 10145, 'hostname': 'planetlab2.sfc.wide.ad.jp'}
{'node_id': 10418, 'site_id': 10117, 'hostname': 'planetlab1.utep.edu'}
{'node_id': 13134, 'site_id': 11387, 'hostname': 'planet-lab1.itba.edu.ar'}
{'node_id': 14195, 'site_id': 11667, 'hostname': 'pl1.ccsrfi.net'}
{'node_id': 14196, 'site_id': 11667, 'hostname': 'pl2.ccsrfi.net'}
{'node_id': 13654, 'site_id': 11488, 'hostname': 'planetlab1.clemson.edu'}
{'node_id': 14101, 'site_id': 11660, 'hostname': 'planetlab2.cs.okstate.edu'}
{'node_id': 13634, 'site_id': 11490, 'hostname': 'planetlab2.pop-pa.rnp.br'}
{'node_id': 13734, 'site_id': 11517, 'hostname': 'planet1.dsp.ac.cn'}
{'node_id': 10208, 'site_id': 10074, 'hostname': 'planetlab-1.ssvl.kth.se'}
{'node_id': 13536, 'site_id': 11470, 'hostname': 'pl2.eng.monash.edu.au'}
{'node_id': 10446, 'site_id': 10127, 'hostname': 'planet0.jaist.ac.jp'}
{'node_id': 14047, 'site_id': 11631, 'hostname': 'planetlab1.cqupt.edu.cn'}
{'node_id': 13923, 'site_id': 11538, 'hostname': 'planetlab1.umassd.edu'}
{'node_id': 14170, 'site_id': 11672, 'hostname': 'pl2.cs.montana.edu'}
{'node_id': 13766, 'site_id': 11528, 'hostname': 'planetlab1.cnis.nyit.edu'}
{'node_id': 13546, 'site_id': 11478, 'hostname': 'pl2.sos.info.hiroshima-cu.ac.jp'}
{'node_id': 10522, 'site_id': 10150, 'hostname': 'planetlab1.uta.edu'}
{'node_id': 13586, 'site_id': 48, 'hostname': 'miranda.planetlab.cs.umd.edu'}
{'node_id': 10505, 'site_id': 10145, 'hostname': 'planetlab1.sfc.wide.ad.jp'}
{'node_id': 13144, 'site_id': 11377, 'hostname': 'planetlab1.utt.fr'}
{'node_id': 13153, 'site_id': 11366, 'hostname': 'utet.ii.uam.es'}
{'node_id': 14144, 'site_id': 11670, 'hostname': 'planetlab2.upc.es'}
{'node_id': 13265, 'site_id': 11408, 'hostname': 'dplanet1.uoc.edu'}
{'node_id': 13174, 'site_id': 11382, 'hostname': 'planetlab-2.imag.fr'}
{'node_id': 14098, 'site_id': 11492, 'hostname': 'lim-planetlab-2.univ-reunion.fr'}
{'node_id': 13845, 'site_id': 11580, 'hostname': 'planetlab-1.imperial.ac.uk'}
{'node_id': 11070, 'site_id': 87, 'hostname': 'planetlab3.cse.nd.edu'}
{'node_id': 13735, 'site_id': 11517, 'hostname': 'planet2.dsp.ac.cn'}
{'node_id': 11494, 'site_id': 10050, 'hostname': 'planetlab-6.ece.iastate.edu'}
{'node_id': 14178, 'site_id': 11643, 'hostname': 'planetlab02.alucloud.com'}
{'node_id': 14206, 'site_id': 11349, 'hostname': 'onelab1.warsaw.rd.tp.pl'}
{'node_id': 10719, 'site_id': 10118, 'hostname': 'pub1-s.ane.cmc.osaka-u.ac.jp'}
{'node_id': 13488, 'site_id': 137, 'hostname': 'planet12.csc.ncsu.edu'}
{'node_id': 13613, 'site_id': 163, 'hostname': 'nodea.howard.edu'}
{'node_id': 3395, 'site_id': 76, 'hostname': 'planet1.cs.rochester.edu'}
{'node_id': 11083, 'site_id': 41, 'hostname': 'planetlab3.wail.wisc.edu'}
{'node_id': 10465, 'site_id': 10134, 'hostname': 'server2.planetlab.iit-tech.net'}
{'node_id': 10890, 'site_id': 188, 'hostname': 'pl1.planetlab.uvic.ca'}
{'node_id': 11064, 'site_id': 138, 'hostname': 'planetslug4.cse.ucsc.edu'}
{'node_id': 10720, 'site_id': 10118, 'hostname': 'pub2-s.ane.cmc.osaka-u.ac.jp'}
{'node_id': 8284, 'site_id': 204, 'hostname': 'planetlab2.poly.edu'}
{'node_id': 11091, 'site_id': 10247, 'hostname': 'planetlab2.utdallas.edu'}
{'node_id': 13961, 'site_id': 11622, 'hostname': 'jupiter.planetlab.carleton.ca'}
{'node_id': 10201, 'site_id': 10069, 'hostname': 'planetlab1.warsaw.rd.tp.pl'}
{'node_id': 10396, 'site_id': 10110, 'hostname': 'planetlab-2.cse.ohio-state.edu'}
{'node_id': 14201, 'site_id': 11675, 'hostname': 'planetlab1.jcp-consult.net'}
{'node_id': 13077, 'site_id': 11345, 'hostname': 'planetlab01.dis.unina.it'}
{'node_id': 11504, 'site_id': 10064, 'hostname': 'plgmu3.ite.gmu.edu'}
{'node_id': 13520, 'site_id': 138, 'hostname': 'planetslug7.cse.ucsc.edu'}
{'node_id': 11014, 'site_id': 10100, 'hostname': 'pl1.ucs.indiana.edu'}
{'node_id': 77, 'site_id': 2, 'hostname': 'lefthand.eecs.harvard.edu'}
{'node_id': 13666, 'site_id': 93, 'hostname': 'pl2.6test.edu.cn'}
{'node_id': 11505, 'site_id': 10064, 'hostname': 'plgmu4.ite.gmu.edu'}
{'node_id': 14202, 'site_id': 11675, 'hostname': 'planetlab2.jcp-consult.net'}
{'node_id': 10268, 'site_id': 10085, 'hostname': 'planetlab-2.cs.colostate.edu'}
{'node_id': 11090, 'site_id': 10247, 'hostname': 'planetlab1.utdallas.edu'}
{'node_id': 13680, 'site_id': 195, 'hostname': 'planetlab4.netmedia.gist.ac.kr'}
{'node_id': 10234, 'site_id': 86, 'hostname': 'plab2.nec-labs.com'}
{'node_id': 13358, 'site_id': 11391, 'hostname': 'planetlab1.di.fct.unl.pt'}
{'node_id': 10397, 'site_id': 195, 'hostname': 'planetlab1.netmedia.gist.ac.kr'}
{'node_id': 13687, 'site_id': 11453, 'hostname': 'planetlab1.ustc.edu.cn'}
{'node_id': 10792, 'site_id': 10229, 'hostname': 'plab-1.sinp.msu.ru'}
{'node_id': 10425, 'site_id': 48, 'hostname': 'salt.planetlab.cs.umd.edu'}
{'node_id': 13798, 'site_id': 11553, 'hostname': 'planet1.zib.de'}
{'node_id': 14204, 'site_id': 11593, 'hostname': 'planetlab1.hiit.fi'}
{'node_id': 14205, 'site_id': 11593, 'hostname': 'planetlab2.hiit.fi'}
{'node_id': 13861, 'site_id': 11559, 'hostname': 'planetlab3.cslab.ece.ntua.gr'}
{'node_id': 13810, 'site_id': 11575, 'hostname': 'aladdin.planetlab.extranet.uni-passau.de'}
{'node_id': 13459, 'site_id': 11457, 'hostname': 'planetlab-2.sjtu.edu.cn'}
{'node_id': 10378, 'site_id': 10108, 'hostname': 'orbpl1.rutgers.edu'}
{'node_id': 11011, 'site_id': 10107, 'hostname': 'planetlab3.csee.usf.edu'}
{'node_id': 10429, 'site_id': 10116, 'hostname': 'planetlab-02.ece.uprm.edu'}
{'node_id': 10379, 'site_id': 10108, 'hostname': 'orbpl2.rutgers.edu'}
{'node_id': 13864, 'site_id': 11473, 'hostname': 'planetlab-4.dis.uniroma1.it'}
{'node_id': 14059, 'site_id': 11621, 'hostname': 'roti.mimuw.edu.pl'}
{'node_id': 10580, 'site_id': 10133, 'hostname': 'plab1.engr.sjsu.edu'}
{'node_id': 10277, 'site_id': 49, 'hostname': 'pl2.csl.utoronto.ca'}
{'node_id': 13494, 'site_id': 58, 'hostname': 'planetlab6.cs.uiuc.edu'}
{'node_id': 11071, 'site_id': 87, 'hostname': 'planetlab4.cse.nd.edu'}
{'node_id': 10383, 'site_id': 10107, 'hostname': 'planetlab1.csee.usf.edu'}
{'node_id': 10725, 'site_id': 10195, 'hostname': 'planetlab1.citadel.edu'}
{'node_id': 10760, 'site_id': 10216, 'hostname': 'planetlab2-buenosaires.lan.redclara.net'}
{'node_id': 13381, 'site_id': 11419, 'hostname': 'marie.iet.unipi.it'}
{'node_id': 13853, 'site_id': 11558, 'hostname': 'planetlab2.fri.uni-lj.si'}
{'node_id': 11382, 'site_id': 22, 'hostname': 'planet3.cs.ucsb.edu'}
{'node_id': 8261, 'site_id': 220, 'hostname': 'plnode01.cs.mu.oz.au'}
{'node_id': 13988, 'site_id': 11615, 'hostname': 'pl2.uni-rostock.de'}
{'node_id': 10419, 'site_id': 10117, 'hostname': 'planetlab2.utep.edu'}
{'node_id': 13895, 'site_id': 11546, 'hostname': 'planetlab-node-02.ucd.ie'}
{'node_id': 14173, 'site_id': 11349, 'hostname': 'planetlab1.mini.pw.edu.pl'}
{'node_id': 13417, 'site_id': 11454, 'hostname': 'planetlab-2.webedu.ccu.edu.tw'}
{'node_id': 10692, 'site_id': 10151, 'hostname': 'planetlab1.fit.vutbr.cz'}
{'node_id': 13411, 'site_id': 10268, 'hostname': 'plnodea.plaust.edu.cn'}
done.

All done.
